#
# There is insufficient memory for the Java Runtime Environment to continue.
# Native memory allocation (mmap) failed to map 698351616 bytes for G1 virtual space
# Possible reasons:
#   The system is out of physical RAM or swap space
#   The process is running with CompressedOops enabled, and the Java Heap may be blocking the growth of the native heap
# Possible solutions:
#   Reduce memory load on the system
#   Increase physical memory or swap space
#   Check if swap backing store is full
#   Decrease Java heap size (-Xmx/-Xms)
#   Decrease number of Java threads
#   Decrease Java thread stack sizes (-Xss)
#   Set larger code cache with -XX:ReservedCodeCacheSize=
#   JVM is running with Unscaled Compressed Oops mode in which the Java heap is
#     placed in the first 4GB address space. The Java Heap base address is the
#     maximum limit for the native heap growth. Please use -XX:HeapBaseMinAddress
#     to set the Java Heap base and to place the Java Heap above 4GB virtual address.
# This output file may be truncated or incomplete.
#
#  Out of Memory Error (os_windows.cpp:3769), pid=4500, tid=4340
#
# JRE version: OpenJDK Runtime Environment (17.0.6) (build 17.0.6+0-b2043.56-10027231)
# Java VM: OpenJDK 64-Bit Server VM (17.0.6+0-b2043.56-10027231, mixed mode, tiered, compressed oops, compressed class ptrs, g1 gc, windows-amd64)
# No core dump will be written. Minidumps are not enabled by default on client versions of Windows
#

---------------  S U M M A R Y ------------

Command Line: --add-opens=java.base/java.util=ALL-UNNAMED --add-opens=java.base/java.lang=ALL-UNNAMED --add-opens=java.base/java.lang.invoke=ALL-UNNAMED --add-opens=java.prefs/java.util.prefs=ALL-UNNAMED --add-opens=java.base/java.nio.charset=ALL-UNNAMED --add-opens=java.base/java.net=ALL-UNNAMED --add-opens=java.base/java.util.concurrent.atomic=ALL-UNNAMED -Xmx2048m -Dfile.encoding=UTF-8 -Duser.country=US -Duser.language=en -Duser.variant org.gradle.launcher.daemon.bootstrap.GradleDaemon 8.0

Host: Intel(R) Atom(TM) CPU D2500   @ 1.86GHz, 2 cores, 1G,  Windows 7 , 64 bit Build 7601 (6.1.7601.17514)
Time: Wed Oct 25 05:40:08 2023 Dateline Standard Time elapsed time: 643.709862 seconds (0d 0h 10m 43s)

---------------  T H R E A D  ---------------

Current thread (0x000000001c29fb50):  VMThread "VM Thread" [stack: 0x000000005d000000,0x000000005d100000] [id=4340]

Stack: [0x000000005d000000,0x000000005d100000]
Native frames: (J=compiled Java code, j=interpreted, Vv=VM code, C=native code)
V  [jvm.dll+0x683c9a]
V  [jvm.dll+0x8427a4]
V  [jvm.dll+0x843f9e]
V  [jvm.dll+0x844603]
V  [jvm.dll+0x249b75]
V  [jvm.dll+0x680b69]
V  [jvm.dll+0x67505a]
V  [jvm.dll+0x309acb]
V  [jvm.dll+0x310f86]
V  [jvm.dll+0x3608ee]
V  [jvm.dll+0x360b1f]
V  [jvm.dll+0x2dfbf8]
V  [jvm.dll+0x2ddec4]
V  [jvm.dll+0x2dd4cc]
V  [jvm.dll+0x321f3b]
V  [jvm.dll+0x848ccb]
V  [jvm.dll+0x849a04]
V  [jvm.dll+0x849f1d]
V  [jvm.dll+0x84a2f4]
V  [jvm.dll+0x84a3c0]
V  [jvm.dll+0x7f274a]
V  [jvm.dll+0x682ad5]
C  [ucrtbase.DLL+0x682dd]
C  [kernel32.dll+0x1652d]
C  [ntdll.dll+0x2c521]

VM_Operation (0x00000000619f7540): G1CollectForAllocation, mode: safepoint, requested by thread 0x000000005ef5e830


---------------  P R O C E S S  ---------------

Threads class SMR info:
_java_thread_list=0x00000000676d1830, length=33, elements={
0x000000000028cbf0, 0x000000001c565670, 0x000000001c56f8f0, 0x000000001c5b6780,
0x000000001c5b9d60, 0x000000001c5bb1e0, 0x000000001c58f8e0, 0x000000001c590d50,
0x000000001c591700, 0x000000001c5933a0, 0x000000005de54d70, 0x000000005de55240,
0x000000005fcbb440, 0x000000005f6c6870, 0x000000005f76df30, 0x000000005f916340,
0x000000005f916810, 0x000000005ef5fe00, 0x000000005ef5e830, 0x000000005f046870,
0x000000005f047210, 0x000000005f048080, 0x000000005f048550, 0x000000005f048a20,
0x000000005f046d40, 0x000000005f048ef0, 0x000000005f049890, 0x000000005f049d60,
0x000000005f04a230, 0x000000005fdebfe0, 0x000000005fdec4b0, 0x000000005fdec980,
0x000000005fdef000
}

Java Threads: ( => current thread )
  0x000000000028cbf0 JavaThread "main" [_thread_blocked, id=4908, stack(0x00000000021f0000,0x00000000022f0000)]
  0x000000001c565670 JavaThread "Reference Handler" daemon [_thread_blocked, id=4664, stack(0x000000005d1a0000,0x000000005d2a0000)]
  0x000000001c56f8f0 JavaThread "Finalizer" daemon [_thread_blocked, id=4804, stack(0x000000005d420000,0x000000005d520000)]
  0x000000001c5b6780 JavaThread "Signal Dispatcher" daemon [_thread_blocked, id=3988, stack(0x000000005d530000,0x000000005d630000)]
  0x000000001c5b9d60 JavaThread "Attach Listener" daemon [_thread_blocked, id=808, stack(0x000000005d650000,0x000000005d750000)]
  0x000000001c5bb1e0 JavaThread "Service Thread" daemon [_thread_blocked, id=4956, stack(0x000000005d2d0000,0x000000005d3d0000)]
  0x000000001c58f8e0 JavaThread "Monitor Deflation Thread" daemon [_thread_blocked, id=4792, stack(0x000000005d8c0000,0x000000005d9c0000)]
  0x000000001c590d50 JavaThread "C2 CompilerThread0" daemon [_thread_blocked, id=3356, stack(0x000000005d790000,0x000000005d890000)]
  0x000000001c591700 JavaThread "C1 CompilerThread0" daemon [_thread_blocked, id=2848, stack(0x000000005db20000,0x000000005dc20000)]
  0x000000001c5933a0 JavaThread "Sweeper thread" daemon [_thread_blocked, id=2564, stack(0x000000005dcc0000,0x000000005ddc0000)]
  0x000000005de54d70 JavaThread "Common-Cleaner" daemon [_thread_blocked, id=4304, stack(0x000000005e1c0000,0x000000005e2c0000)]
  0x000000005de55240 JavaThread "Notification Thread" daemon [_thread_blocked, id=4784, stack(0x000000001c6d0000,0x000000001c7d0000)]
  0x000000005fcbb440 JavaThread "Daemon health stats" [_thread_blocked, id=3892, stack(0x000000005e4a0000,0x000000005e5a0000)]
  0x000000005f6c6870 JavaThread "Incoming local TCP Connector on port 5015" [_thread_in_native, id=3764, stack(0x00000000609b0000,0x0000000060ab0000)]
  0x000000005f76df30 JavaThread "Daemon periodic checks" [_thread_blocked, id=3584, stack(0x000000005da20000,0x000000005db20000)]
  0x000000005f916340 JavaThread "Daemon" [_thread_blocked, id=3204, stack(0x0000000060c70000,0x0000000060d70000)]
  0x000000005f916810 JavaThread "Handler for socket connection from /127.0.0.1:5015 to /127.0.0.1:5019" [_thread_in_native, id=2740, stack(0x0000000060d90000,0x0000000060e90000)]
  0x000000005ef5fe00 JavaThread "Cancel handler" [_thread_blocked, id=5072, stack(0x0000000060ac0000,0x0000000060bc0000)]
  0x000000005ef5e830 JavaThread "Daemon worker" [_thread_blocked, id=2600, stack(0x0000000061900000,0x0000000061a00000)]
  0x000000005f046870 JavaThread "Asynchronous log dispatcher for DefaultDaemonConnection: socket connection from /127.0.0.1:5015 to /127.0.0.1:5019" [_thread_blocked, id=4136, stack(0x0000000060ef0000,0x0000000060ff0000)]
  0x000000005f047210 JavaThread "Daemon client event forwarder" [_thread_blocked, id=3140, stack(0x0000000061d70000,0x0000000061e70000)]
  0x000000005f048080 JavaThread "Cache worker for journal cache (C:\Users\Capital K\.gradle\caches\journal-1)" [_thread_blocked, id=4572, stack(0x0000000061c70000,0x0000000061d70000)]
  0x000000005f048550 JavaThread "File lock request listener" [_thread_in_native, id=4024, stack(0x0000000063ec0000,0x0000000063fc0000)]
  0x000000005f048a20 JavaThread "Cache worker for file hash cache (C:\Users\Capital K\.gradle\caches\8.0\fileHashes)" [_thread_blocked, id=2744, stack(0x0000000064180000,0x0000000064280000)]
  0x000000005f046d40 JavaThread "jar transforms" [_thread_blocked, id=1820, stack(0x0000000061b00000,0x0000000061c00000)]
  0x000000005f048ef0 JavaThread "jar transforms Thread 2" [_thread_blocked, id=540, stack(0x0000000064c10000,0x0000000064d10000)]
  0x000000005f049890 JavaThread "Cache worker for checksums cache (C:\Users\Capital K\AndroidStudioProjects\ExpenseApp\.gradle\8.0\checksums)" [_thread_blocked, id=4140, stack(0x0000000064d10000,0x0000000064e10000)]
  0x000000005f049d60 JavaThread "Cache worker for cache directory md-rule (C:\Users\Capital K\.gradle\caches\8.0\md-rule)" [_thread_blocked, id=1000, stack(0x0000000065010000,0x0000000065110000)]
  0x000000005f04a230 JavaThread "Cache worker for file content cache (C:\Users\Capital K\.gradle\caches\8.0\fileContent)" [_thread_blocked, id=1912, stack(0x0000000063fe0000,0x00000000640e0000)]
  0x000000005fdebfe0 JavaThread "Cache worker for file hash cache (C:\Users\Capital K\AndroidStudioProjects\ExpenseApp\.gradle\8.0\fileHashes)" [_thread_blocked, id=2288, stack(0x0000000065210000,0x0000000065310000)]
  0x000000005fdec4b0 JavaThread "Cache worker for cache directory md-supplier (C:\Users\Capital K\.gradle\caches\8.0\md-supplier)" [_thread_blocked, id=1052, stack(0x00000000653f0000,0x00000000654f0000)]
  0x000000005fdec980 JavaThread "Cache worker for execution history cache (C:\Users\Capital K\.gradle\caches\8.0\executionHistory)" [_thread_blocked, id=3868, stack(0x00000000654f0000,0x00000000655f0000)]
  0x000000005fdef000 JavaThread "Cache worker for kotlin-dsl (C:\Users\Capital K\.gradle\caches\8.0\kotlin-dsl)" [_thread_blocked, id=4712, stack(0x0000000064300000,0x0000000064400000)]

Other Threads:
=>0x000000001c29fb50 VMThread "VM Thread" [stack: 0x000000005d000000,0x000000005d100000] [id=4340]
  0x000000001c69fce0 WatcherThread [stack: 0x000000005e3a0000,0x000000005e4a0000] [id=4424]
  0x00000000002eeaf0 GCTaskThread "GC Thread#0" [stack: 0x0000000019ae0000,0x0000000019be0000] [id=3664]
  0x000000005dffac90 GCTaskThread "GC Thread#1" [stack: 0x000000005e6c0000,0x000000005e7c0000] [id=4612]
  0x0000000000300500 ConcurrentGCThread "G1 Main Marker" [stack: 0x0000000019cd0000,0x0000000019dd0000] [id=3668]
  0x0000000000302e20 ConcurrentGCThread "G1 Conc#0" [stack: 0x0000000019e80000,0x0000000019f80000] [id=3476]
  0x000000001c1b0080 ConcurrentGCThread "G1 Refine#0" [stack: 0x000000001c3a0000,0x000000001c4a0000] [id=4672]
  0x000000001c1b09b0 ConcurrentGCThread "G1 Service" [stack: 0x000000001c2a0000,0x000000001c3a0000] [id=4620]

Threads with active compile tasks:

VM state: at safepoint (normal execution)

VM Mutex/Monitor currently owned by a thread:  ([mutex/lock_event])
[0x0000000000288380] Threads_lock - owner thread: 0x000000001c29fb50
[0x0000000000288a40] Heap_lock - owner thread: 0x000000005ef5e830

Heap address: 0x0000000080000000, size: 2048 MB, Compressed Oops mode: 32-bit

CDS archive(s) not mapped
Compressed class space mapped at: 0x000000001c800000-0x000000005c800000, reserved size: 1073741824
Narrow klass base: 0x0000000000000000, Narrow klass shift: 0, Narrow klass range: 0x5c800000

GC Precious Log:
 CPUs: 2 total, 2 available
 Memory: 2036M
 Large Page Support: Disabled
 NUMA Support: Disabled
 Compressed Oops: Enabled (32-bit)
 Heap Region Size: 1M
 Heap Min Capacity: 8M
 Heap Initial Capacity: 32M
 Heap Max Capacity: 2G
 Pre-touch: Disabled
 Parallel Workers: 2
 Concurrent Workers: 1
 Concurrent Refinement Workers: 2
 Periodic GC: Disabled

Heap:
 garbage-first heap   total 340992K, used 97567K [0x0000000080000000, 0x0000000100000000)
  region size 1024K, 1 young (1024K), 1 survivors (1024K)
 Metaspace       used 56547K, committed 57088K, reserved 1105920K
  class space    used 7318K, committed 7552K, reserved 1048576K

Heap Regions: E=young(eden), S=young(survivor), O=old, HS=humongous(starts), HC=humongous(continues), CS=collection set, F=free, OA=open archive, CA=closed archive, TAMS=top-at-mark-start (previous, next)
|   0|0x0000000080000000, 0x0000000080100000, 0x0000000080100000|100%| O|  |TAMS 0x0000000080100000, 0x0000000080000000| Untracked 
|   1|0x0000000080100000, 0x0000000080200000, 0x0000000080200000|100%| O|  |TAMS 0x0000000080200000, 0x0000000080100000| Untracked 
|   2|0x0000000080200000, 0x0000000080300000, 0x0000000080300000|100%| O|  |TAMS 0x0000000080300000, 0x0000000080200000| Untracked 
|   3|0x0000000080300000, 0x0000000080400000, 0x0000000080400000|100%|HS|  |TAMS 0x0000000080400000, 0x0000000080300000| Complete 
|   4|0x0000000080400000, 0x0000000080500000, 0x0000000080500000|100%|HC|  |TAMS 0x0000000080500000, 0x0000000080400000| Complete 
|   5|0x0000000080500000, 0x0000000080600000, 0x0000000080600000|100%|HC|  |TAMS 0x0000000080600000, 0x0000000080500000| Complete 
|   6|0x0000000080600000, 0x0000000080700000, 0x0000000080700000|100%|HC|  |TAMS 0x0000000080700000, 0x0000000080600000| Complete 
|   7|0x0000000080700000, 0x0000000080800000, 0x0000000080800000|100%| O|  |TAMS 0x0000000080800000, 0x0000000080700000| Untracked 
|   8|0x0000000080800000, 0x0000000080900000, 0x0000000080900000|100%| O|  |TAMS 0x0000000080900000, 0x0000000080800000| Untracked 
|   9|0x0000000080900000, 0x0000000080a00000, 0x0000000080a00000|100%| O|  |TAMS 0x0000000080a00000, 0x0000000080900000| Untracked 
|  10|0x0000000080a00000, 0x0000000080b00000, 0x0000000080b00000|100%| O|  |TAMS 0x0000000080b00000, 0x0000000080a00000| Untracked 
|  11|0x0000000080b00000, 0x0000000080c00000, 0x0000000080c00000|100%| O|  |TAMS 0x0000000080c00000, 0x0000000080b00000| Untracked 
|  12|0x0000000080c00000, 0x0000000080d00000, 0x0000000080d00000|100%| O|  |TAMS 0x0000000080d00000, 0x0000000080c00000| Untracked 
|  13|0x0000000080d00000, 0x0000000080e00000, 0x0000000080e00000|100%| O|  |TAMS 0x0000000080e00000, 0x0000000080d00000| Untracked 
|  14|0x0000000080e00000, 0x0000000080f00000, 0x0000000080f00000|100%| O|  |TAMS 0x0000000080f00000, 0x0000000080e00000| Untracked 
|  15|0x0000000080f00000, 0x0000000081000000, 0x0000000081000000|100%| O|  |TAMS 0x0000000081000000, 0x0000000080f00000| Untracked 
|  16|0x0000000081000000, 0x0000000081100000, 0x0000000081100000|100%| O|  |TAMS 0x0000000081100000, 0x0000000081000000| Untracked 
|  17|0x0000000081100000, 0x0000000081200000, 0x0000000081200000|100%| O|  |TAMS 0x0000000081200000, 0x0000000081100000| Untracked 
|  18|0x0000000081200000, 0x0000000081300000, 0x0000000081300000|100%| O|  |TAMS 0x0000000081300000, 0x0000000081200000| Untracked 
|  19|0x0000000081300000, 0x0000000081400000, 0x0000000081400000|100%| O|  |TAMS 0x0000000081400000, 0x0000000081300000| Untracked 
|  20|0x0000000081400000, 0x0000000081500000, 0x0000000081500000|100%| O|  |TAMS 0x0000000081500000, 0x0000000081400000| Untracked 
|  21|0x0000000081500000, 0x0000000081600000, 0x0000000081600000|100%|HS|  |TAMS 0x0000000081600000, 0x0000000081500000| Complete 
|  22|0x0000000081600000, 0x0000000081700000, 0x0000000081700000|100%|HC|  |TAMS 0x0000000081700000, 0x0000000081600000| Complete 
|  23|0x0000000081700000, 0x0000000081800000, 0x0000000081800000|100%| O|  |TAMS 0x0000000081800000, 0x0000000081700000| Untracked 
|  24|0x0000000081800000, 0x0000000081900000, 0x0000000081900000|100%|HS|  |TAMS 0x0000000081900000, 0x0000000081800000| Complete 
|  25|0x0000000081900000, 0x0000000081a00000, 0x0000000081a00000|100%|HC|  |TAMS 0x0000000081a00000, 0x0000000081900000| Complete 
|  26|0x0000000081a00000, 0x0000000081b00000, 0x0000000081b00000|100%|HC|  |TAMS 0x0000000081b00000, 0x0000000081a00000| Complete 
|  27|0x0000000081b00000, 0x0000000081c00000, 0x0000000081c00000|100%|HS|  |TAMS 0x0000000081c00000, 0x0000000081b00000| Complete 
|  28|0x0000000081c00000, 0x0000000081d00000, 0x0000000081d00000|100%|HC|  |TAMS 0x0000000081d00000, 0x0000000081c00000| Complete 
|  29|0x0000000081d00000, 0x0000000081e00000, 0x0000000081e00000|100%|HC|  |TAMS 0x0000000081e00000, 0x0000000081d00000| Complete 
|  30|0x0000000081e00000, 0x0000000081f00000, 0x0000000081f00000|100%|HS|  |TAMS 0x0000000081f00000, 0x0000000081e00000| Complete 
|  31|0x0000000081f00000, 0x0000000082000000, 0x0000000082000000|100%|HC|  |TAMS 0x0000000082000000, 0x0000000081f00000| Complete 
|  32|0x0000000082000000, 0x0000000082100000, 0x0000000082100000|100%|HC|  |TAMS 0x0000000082100000, 0x0000000082000000| Complete 
|  33|0x0000000082100000, 0x0000000082200000, 0x0000000082200000|100%|HC|  |TAMS 0x0000000082200000, 0x0000000082100000| Complete 
|  34|0x0000000082200000, 0x0000000082300000, 0x0000000082300000|100%|HC|  |TAMS 0x0000000082300000, 0x0000000082200000| Complete 
|  35|0x0000000082300000, 0x0000000082400000, 0x0000000082400000|100%|HC|  |TAMS 0x0000000082400000, 0x0000000082300000| Complete 
|  36|0x0000000082400000, 0x0000000082500000, 0x0000000082500000|100%|HC|  |TAMS 0x0000000082500000, 0x0000000082400000| Complete 
|  37|0x0000000082500000, 0x0000000082600000, 0x0000000082600000|100%|HC|  |TAMS 0x0000000082600000, 0x0000000082500000| Complete 
|  38|0x0000000082600000, 0x0000000082700000, 0x0000000082700000|100%|HC|  |TAMS 0x0000000082700000, 0x0000000082600000| Complete 
|  39|0x0000000082700000, 0x0000000082800000, 0x0000000082800000|100%|HC|  |TAMS 0x0000000082800000, 0x0000000082700000| Complete 
|  40|0x0000000082800000, 0x0000000082900000, 0x0000000082900000|100%|HC|  |TAMS 0x0000000082900000, 0x0000000082800000| Complete 
|  41|0x0000000082900000, 0x0000000082a00000, 0x0000000082a00000|100%|HC|  |TAMS 0x0000000082a00000, 0x0000000082900000| Complete 
|  42|0x0000000082a00000, 0x0000000082b00000, 0x0000000082b00000|100%|HS|  |TAMS 0x0000000082b00000, 0x0000000082a00000| Complete 
|  43|0x0000000082b00000, 0x0000000082c00000, 0x0000000082c00000|100%|HC|  |TAMS 0x0000000082c00000, 0x0000000082b00000| Complete 
|  44|0x0000000082c00000, 0x0000000082d00000, 0x0000000082d00000|100%| O|  |TAMS 0x0000000082d00000, 0x0000000082c00000| Untracked 
|  45|0x0000000082d00000, 0x0000000082e00000, 0x0000000082e00000|100%| O|  |TAMS 0x0000000082e00000, 0x0000000082d00000| Untracked 
|  46|0x0000000082e00000, 0x0000000082f00000, 0x0000000082f00000|100%| O|  |TAMS 0x0000000082f00000, 0x0000000082e00000| Untracked 
|  47|0x0000000082f00000, 0x0000000083000000, 0x0000000083000000|100%| O|  |TAMS 0x0000000083000000, 0x0000000082f00000| Untracked 
|  48|0x0000000083000000, 0x0000000083100000, 0x0000000083100000|100%| O|  |TAMS 0x0000000083100000, 0x0000000083000000| Untracked 
|  49|0x0000000083100000, 0x0000000083200000, 0x0000000083200000|100%| O|  |TAMS 0x0000000083200000, 0x0000000083100000| Untracked 
|  50|0x0000000083200000, 0x0000000083300000, 0x0000000083300000|100%| O|  |TAMS 0x0000000083300000, 0x0000000083200000| Untracked 
|  51|0x0000000083300000, 0x0000000083400000, 0x0000000083400000|100%| O|  |TAMS 0x0000000083400000, 0x0000000083300000| Untracked 
|  52|0x0000000083400000, 0x0000000083500000, 0x0000000083500000|100%| O|  |TAMS 0x0000000083500000, 0x0000000083400000| Untracked 
|  53|0x0000000083500000, 0x0000000083600000, 0x0000000083600000|100%| O|  |TAMS 0x0000000083600000, 0x0000000083500000| Untracked 
|  54|0x0000000083600000, 0x0000000083700000, 0x0000000083700000|100%| O|  |TAMS 0x0000000083700000, 0x0000000083600000| Untracked 
|  55|0x0000000083700000, 0x0000000083800000, 0x0000000083800000|100%| O|  |TAMS 0x0000000083800000, 0x0000000083700000| Untracked 
|  56|0x0000000083800000, 0x0000000083900000, 0x0000000083900000|100%| O|  |TAMS 0x0000000083900000, 0x0000000083800000| Untracked 
|  57|0x0000000083900000, 0x0000000083a00000, 0x0000000083a00000|100%| O|  |TAMS 0x0000000083a00000, 0x0000000083900000| Untracked 
|  58|0x0000000083a00000, 0x0000000083b00000, 0x0000000083b00000|100%|HS|  |TAMS 0x0000000083b00000, 0x0000000083a00000| Complete 
|  59|0x0000000083b00000, 0x0000000083c00000, 0x0000000083c00000|100%|HC|  |TAMS 0x0000000083c00000, 0x0000000083b00000| Complete 
|  60|0x0000000083c00000, 0x0000000083d00000, 0x0000000083d00000|100%|HC|  |TAMS 0x0000000083d00000, 0x0000000083c00000| Complete 
|  61|0x0000000083d00000, 0x0000000083e00000, 0x0000000083e00000|100%| O|  |TAMS 0x0000000083e00000, 0x0000000083d00000| Untracked 
|  62|0x0000000083e00000, 0x0000000083f00000, 0x0000000083f00000|100%| O|  |TAMS 0x0000000083f00000, 0x0000000083e00000| Untracked 
|  63|0x0000000083f00000, 0x0000000084000000, 0x0000000084000000|100%| O|  |TAMS 0x0000000083f00000, 0x0000000083f00000| Untracked 
|  64|0x0000000084000000, 0x0000000084100000, 0x0000000084100000|100%| O|  |TAMS 0x0000000084100000, 0x0000000084000000| Untracked 
|  65|0x0000000084100000, 0x00000000841d8a00, 0x0000000084200000| 84%| O|  |TAMS 0x00000000841d8a00, 0x0000000084100000| Untracked 
|  66|0x0000000084200000, 0x0000000084300000, 0x0000000084300000|100%| O|  |TAMS 0x0000000084200000, 0x0000000084200000| Untracked 
|  67|0x0000000084300000, 0x0000000084400000, 0x0000000084400000|100%| O|  |TAMS 0x0000000084400000, 0x0000000084300000| Untracked 
|  68|0x0000000084400000, 0x0000000084500000, 0x0000000084500000|100%| O|  |TAMS 0x0000000084500000, 0x0000000084400000| Untracked 
|  69|0x0000000084500000, 0x0000000084600000, 0x0000000084600000|100%| O|  |TAMS 0x0000000084600000, 0x0000000084500000| Untracked 
|  70|0x0000000084600000, 0x0000000084700000, 0x0000000084700000|100%| O|  |TAMS 0x0000000084700000, 0x0000000084600000| Untracked 
|  71|0x0000000084700000, 0x0000000084800000, 0x0000000084800000|100%| O|  |TAMS 0x0000000084700000, 0x0000000084700000| Untracked 
|  72|0x0000000084800000, 0x0000000084900000, 0x0000000084900000|100%|HS|  |TAMS 0x0000000084800000, 0x0000000084800000| Complete 
|  73|0x0000000084900000, 0x0000000084a00000, 0x0000000084a00000|100%|HC|  |TAMS 0x0000000084900000, 0x0000000084900000| Complete 
|  74|0x0000000084a00000, 0x0000000084b00000, 0x0000000084b00000|100%|HC|  |TAMS 0x0000000084a00000, 0x0000000084a00000| Complete 
|  75|0x0000000084b00000, 0x0000000084c00000, 0x0000000084c00000|100%| O|  |TAMS 0x0000000084b00000, 0x0000000084b00000| Untracked 
|  76|0x0000000084c00000, 0x0000000084d00000, 0x0000000084d00000|100%| O|  |TAMS 0x0000000084c00000, 0x0000000084c00000| Untracked 
|  77|0x0000000084d00000, 0x0000000084e00000, 0x0000000084e00000|100%| O|  |TAMS 0x0000000084d00000, 0x0000000084d00000| Untracked 
|  78|0x0000000084e00000, 0x0000000084f00000, 0x0000000084f00000|100%| O|  |TAMS 0x0000000084e00000, 0x0000000084e00000| Untracked 
|  79|0x0000000084f00000, 0x0000000085000000, 0x0000000085000000|100%| O|  |TAMS 0x0000000084f00000, 0x0000000084f00000| Untracked 
|  80|0x0000000085000000, 0x0000000085100000, 0x0000000085100000|100%| O|  |TAMS 0x0000000085000000, 0x0000000085000000| Untracked 
|  81|0x0000000085100000, 0x0000000085200000, 0x0000000085200000|100%| O|  |TAMS 0x0000000085100000, 0x0000000085100000| Untracked 
|  82|0x0000000085200000, 0x0000000085300000, 0x0000000085300000|100%| O|  |TAMS 0x0000000085200000, 0x0000000085200000| Untracked 
|  83|0x0000000085300000, 0x0000000085400000, 0x0000000085400000|100%| O|  |TAMS 0x0000000085300000, 0x0000000085300000| Untracked 
|  84|0x0000000085400000, 0x0000000085500000, 0x0000000085500000|100%| O|  |TAMS 0x0000000085400000, 0x0000000085400000| Untracked 
|  85|0x0000000085500000, 0x0000000085600000, 0x0000000085600000|100%| O|  |TAMS 0x0000000085500000, 0x0000000085500000| Untracked 
|  86|0x0000000085600000, 0x0000000085700000, 0x0000000085700000|100%| O|  |TAMS 0x0000000085600000, 0x0000000085600000| Untracked 
|  87|0x0000000085700000, 0x0000000085800000, 0x0000000085800000|100%| O|  |TAMS 0x0000000085700000, 0x0000000085700000| Untracked 
|  88|0x0000000085800000, 0x0000000085900000, 0x0000000085900000|100%| O|  |TAMS 0x0000000085800000, 0x0000000085800000| Untracked 
|  89|0x0000000085900000, 0x0000000085a00000, 0x0000000085a00000|100%| O|  |TAMS 0x0000000085900000, 0x0000000085900000| Untracked 
|  90|0x0000000085a00000, 0x0000000085b00000, 0x0000000085b00000|100%| O|  |TAMS 0x0000000085a00000, 0x0000000085a00000| Untracked 
|  91|0x0000000085b00000, 0x0000000085c00000, 0x0000000085c00000|100%| O|  |TAMS 0x0000000085b00000, 0x0000000085b00000| Untracked 
|  92|0x0000000085c00000, 0x0000000085d00000, 0x0000000085d00000|100%| O|  |TAMS 0x0000000085c00000, 0x0000000085c00000| Untracked 
|  93|0x0000000085d00000, 0x0000000085e00000, 0x0000000085e00000|100%| O|  |TAMS 0x0000000085d00000, 0x0000000085d00000| Untracked 
|  94|0x0000000085e00000, 0x0000000085e80000, 0x0000000085f00000| 50%| O|  |TAMS 0x0000000085e00000, 0x0000000085e00000| Untracked 
|  95|0x0000000085f00000, 0x0000000085f00000, 0x0000000086000000|  0%| F|  |TAMS 0x0000000085f00000, 0x0000000085f00000| Untracked 
|  96|0x0000000086000000, 0x0000000086000000, 0x0000000086100000|  0%| F|  |TAMS 0x0000000086000000, 0x0000000086000000| Untracked 
|  97|0x0000000086100000, 0x0000000086100000, 0x0000000086200000|  0%| F|  |TAMS 0x0000000086100000, 0x0000000086100000| Untracked 
|  98|0x0000000086200000, 0x0000000086200000, 0x0000000086300000|  0%| F|  |TAMS 0x0000000086200000, 0x0000000086200000| Untracked 
|  99|0x0000000086300000, 0x0000000086300000, 0x0000000086400000|  0%| F|  |TAMS 0x0000000086300000, 0x0000000086300000| Untracked 
| 100|0x0000000086400000, 0x0000000086400000, 0x0000000086500000|  0%| F|  |TAMS 0x0000000086400000, 0x0000000086400000| Untracked 
| 101|0x0000000086500000, 0x0000000086500000, 0x0000000086600000|  0%| F|  |TAMS 0x0000000086500000, 0x0000000086500000| Untracked 
| 102|0x0000000086600000, 0x0000000086600000, 0x0000000086700000|  0%| F|  |TAMS 0x0000000086600000, 0x0000000086600000| Untracked 
| 103|0x0000000086700000, 0x0000000086700000, 0x0000000086800000|  0%| F|  |TAMS 0x0000000086700000, 0x0000000086700000| Untracked 
| 104|0x0000000086800000, 0x0000000086800000, 0x0000000086900000|  0%| F|  |TAMS 0x0000000086800000, 0x0000000086800000| Untracked 
| 105|0x0000000086900000, 0x0000000086900000, 0x0000000086a00000|  0%| F|  |TAMS 0x0000000086900000, 0x0000000086900000| Untracked 
| 106|0x0000000086a00000, 0x0000000086a00000, 0x0000000086b00000|  0%| F|  |TAMS 0x0000000086a00000, 0x0000000086a00000| Untracked 
| 107|0x0000000086b00000, 0x0000000086b00000, 0x0000000086c00000|  0%| F|  |TAMS 0x0000000086b00000, 0x0000000086b00000| Untracked 
| 108|0x0000000086c00000, 0x0000000086c00000, 0x0000000086d00000|  0%| F|  |TAMS 0x0000000086c00000, 0x0000000086c00000| Untracked 
| 109|0x0000000086d00000, 0x0000000086d00000, 0x0000000086e00000|  0%| F|  |TAMS 0x0000000086d00000, 0x0000000086d00000| Untracked 
| 110|0x0000000086e00000, 0x0000000086e00000, 0x0000000086f00000|  0%| F|  |TAMS 0x0000000086e00000, 0x0000000086e00000| Untracked 
| 111|0x0000000086f00000, 0x0000000086f00000, 0x0000000087000000|  0%| F|  |TAMS 0x0000000086f00000, 0x0000000086f00000| Untracked 
| 112|0x0000000087000000, 0x0000000087000000, 0x0000000087100000|  0%| F|  |TAMS 0x0000000087000000, 0x0000000087000000| Untracked 
| 113|0x0000000087100000, 0x0000000087100000, 0x0000000087200000|  0%| F|  |TAMS 0x0000000087100000, 0x0000000087100000| Untracked 
| 114|0x0000000087200000, 0x0000000087200000, 0x0000000087300000|  0%| F|  |TAMS 0x0000000087200000, 0x0000000087200000| Untracked 
| 115|0x0000000087300000, 0x0000000087300000, 0x0000000087400000|  0%| F|  |TAMS 0x0000000087300000, 0x0000000087300000| Untracked 
| 116|0x0000000087400000, 0x0000000087400000, 0x0000000087500000|  0%| F|  |TAMS 0x0000000087400000, 0x0000000087400000| Untracked 
| 117|0x0000000087500000, 0x0000000087500000, 0x0000000087600000|  0%| F|  |TAMS 0x0000000087500000, 0x0000000087500000| Untracked 
| 118|0x0000000087600000, 0x0000000087600000, 0x0000000087700000|  0%| F|  |TAMS 0x0000000087600000, 0x0000000087600000| Untracked 
| 119|0x0000000087700000, 0x0000000087700000, 0x0000000087800000|  0%| F|  |TAMS 0x0000000087700000, 0x0000000087700000| Untracked 
| 120|0x0000000087800000, 0x0000000087800000, 0x0000000087900000|  0%| F|  |TAMS 0x0000000087800000, 0x0000000087800000| Untracked 
| 121|0x0000000087900000, 0x0000000087900000, 0x0000000087a00000|  0%| F|  |TAMS 0x0000000087900000, 0x0000000087900000| Untracked 
| 122|0x0000000087a00000, 0x0000000087a00000, 0x0000000087b00000|  0%| F|  |TAMS 0x0000000087a00000, 0x0000000087a00000| Untracked 
| 123|0x0000000087b00000, 0x0000000087b00000, 0x0000000087c00000|  0%| F|  |TAMS 0x0000000087b00000, 0x0000000087b00000| Untracked 
| 124|0x0000000087c00000, 0x0000000087c00000, 0x0000000087d00000|  0%| F|  |TAMS 0x0000000087c00000, 0x0000000087c00000| Untracked 
| 125|0x0000000087d00000, 0x0000000087d00000, 0x0000000087e00000|  0%| F|  |TAMS 0x0000000087d00000, 0x0000000087d00000| Untracked 
| 126|0x0000000087e00000, 0x0000000087e00000, 0x0000000087f00000|  0%| F|  |TAMS 0x0000000087e00000, 0x0000000087e00000| Untracked 
| 127|0x0000000087f00000, 0x0000000087f00000, 0x0000000088000000|  0%| F|  |TAMS 0x0000000087f00000, 0x0000000087f00000| Untracked 
| 128|0x0000000088000000, 0x0000000088000000, 0x0000000088100000|  0%| F|  |TAMS 0x0000000088000000, 0x0000000088000000| Untracked 
| 129|0x0000000088100000, 0x0000000088100000, 0x0000000088200000|  0%| F|  |TAMS 0x0000000088100000, 0x0000000088100000| Untracked 
| 130|0x0000000088200000, 0x0000000088200000, 0x0000000088300000|  0%| F|  |TAMS 0x0000000088200000, 0x0000000088200000| Untracked 
| 131|0x0000000088300000, 0x0000000088300000, 0x0000000088400000|  0%| F|  |TAMS 0x0000000088300000, 0x0000000088300000| Untracked 
| 132|0x0000000088400000, 0x0000000088400000, 0x0000000088500000|  0%| F|  |TAMS 0x0000000088400000, 0x0000000088400000| Untracked 
| 133|0x0000000088500000, 0x0000000088500000, 0x0000000088600000|  0%| F|  |TAMS 0x0000000088500000, 0x0000000088500000| Untracked 
| 134|0x0000000088600000, 0x0000000088600000, 0x0000000088700000|  0%| F|  |TAMS 0x0000000088600000, 0x0000000088600000| Untracked 
| 135|0x0000000088700000, 0x0000000088700000, 0x0000000088800000|  0%| F|  |TAMS 0x0000000088700000, 0x0000000088700000| Untracked 
| 136|0x0000000088800000, 0x0000000088800000, 0x0000000088900000|  0%| F|  |TAMS 0x0000000088800000, 0x0000000088800000| Untracked 
| 137|0x0000000088900000, 0x0000000088900000, 0x0000000088a00000|  0%| F|  |TAMS 0x0000000088900000, 0x0000000088900000| Untracked 
| 138|0x0000000088a00000, 0x0000000088a00000, 0x0000000088b00000|  0%| F|  |TAMS 0x0000000088a00000, 0x0000000088a00000| Untracked 
| 139|0x0000000088b00000, 0x0000000088b00000, 0x0000000088c00000|  0%| F|  |TAMS 0x0000000088b00000, 0x0000000088b00000| Untracked 
| 140|0x0000000088c00000, 0x0000000088c00000, 0x0000000088d00000|  0%| F|  |TAMS 0x0000000088c00000, 0x0000000088c00000| Untracked 
| 141|0x0000000088d00000, 0x0000000088d00000, 0x0000000088e00000|  0%| F|  |TAMS 0x0000000088d00000, 0x0000000088d00000| Untracked 
| 142|0x0000000088e00000, 0x0000000088e00000, 0x0000000088f00000|  0%| F|  |TAMS 0x0000000088e00000, 0x0000000088e00000| Untracked 
| 143|0x0000000088f00000, 0x0000000088f00000, 0x0000000089000000|  0%| F|  |TAMS 0x0000000088f00000, 0x0000000088f00000| Untracked 
| 144|0x0000000089000000, 0x0000000089000000, 0x0000000089100000|  0%| F|  |TAMS 0x0000000089000000, 0x0000000089000000| Untracked 
| 145|0x0000000089100000, 0x0000000089100000, 0x0000000089200000|  0%| F|  |TAMS 0x0000000089100000, 0x0000000089100000| Untracked 
| 146|0x0000000089200000, 0x0000000089200000, 0x0000000089300000|  0%| F|  |TAMS 0x0000000089200000, 0x0000000089200000| Untracked 
| 147|0x0000000089300000, 0x0000000089300000, 0x0000000089400000|  0%| F|  |TAMS 0x0000000089300000, 0x0000000089300000| Untracked 
| 148|0x0000000089400000, 0x0000000089400000, 0x0000000089500000|  0%| F|  |TAMS 0x0000000089400000, 0x0000000089400000| Untracked 
| 149|0x0000000089500000, 0x0000000089500000, 0x0000000089600000|  0%| F|  |TAMS 0x0000000089500000, 0x0000000089500000| Untracked 
| 150|0x0000000089600000, 0x0000000089600000, 0x0000000089700000|  0%| F|  |TAMS 0x0000000089600000, 0x0000000089600000| Untracked 
| 151|0x0000000089700000, 0x0000000089700000, 0x0000000089800000|  0%| F|  |TAMS 0x0000000089700000, 0x0000000089700000| Untracked 
| 152|0x0000000089800000, 0x0000000089800000, 0x0000000089900000|  0%| F|  |TAMS 0x0000000089800000, 0x0000000089800000| Untracked 
| 153|0x0000000089900000, 0x0000000089900000, 0x0000000089a00000|  0%| F|  |TAMS 0x0000000089900000, 0x0000000089900000| Untracked 
| 154|0x0000000089a00000, 0x0000000089a00000, 0x0000000089b00000|  0%| F|  |TAMS 0x0000000089a00000, 0x0000000089a00000| Untracked 
| 155|0x0000000089b00000, 0x0000000089b00000, 0x0000000089c00000|  0%| F|  |TAMS 0x0000000089b00000, 0x0000000089b00000| Untracked 
| 156|0x0000000089c00000, 0x0000000089c00000, 0x0000000089d00000|  0%| F|  |TAMS 0x0000000089c00000, 0x0000000089c00000| Untracked 
| 157|0x0000000089d00000, 0x0000000089d00000, 0x0000000089e00000|  0%| F|  |TAMS 0x0000000089d00000, 0x0000000089d00000| Untracked 
| 158|0x0000000089e00000, 0x0000000089e00000, 0x0000000089f00000|  0%| F|  |TAMS 0x0000000089e00000, 0x0000000089e00000| Untracked 
| 159|0x0000000089f00000, 0x0000000089f00000, 0x000000008a000000|  0%| F|  |TAMS 0x0000000089f00000, 0x0000000089f00000| Untracked 
| 160|0x000000008a000000, 0x000000008a000000, 0x000000008a100000|  0%| F|  |TAMS 0x000000008a000000, 0x000000008a000000| Untracked 
| 161|0x000000008a100000, 0x000000008a100000, 0x000000008a200000|  0%| F|  |TAMS 0x000000008a100000, 0x000000008a100000| Untracked 
| 162|0x000000008a200000, 0x000000008a200000, 0x000000008a300000|  0%| F|  |TAMS 0x000000008a200000, 0x000000008a200000| Untracked 
| 163|0x000000008a300000, 0x000000008a300000, 0x000000008a400000|  0%| F|  |TAMS 0x000000008a300000, 0x000000008a300000| Untracked 
| 164|0x000000008a400000, 0x000000008a400000, 0x000000008a500000|  0%| F|  |TAMS 0x000000008a400000, 0x000000008a400000| Untracked 
| 165|0x000000008a500000, 0x000000008a500000, 0x000000008a600000|  0%| F|  |TAMS 0x000000008a500000, 0x000000008a500000| Untracked 
| 166|0x000000008a600000, 0x000000008a600000, 0x000000008a700000|  0%| F|  |TAMS 0x000000008a600000, 0x000000008a600000| Untracked 
| 167|0x000000008a700000, 0x000000008a700000, 0x000000008a800000|  0%| F|  |TAMS 0x000000008a700000, 0x000000008a700000| Untracked 
| 168|0x000000008a800000, 0x000000008a800000, 0x000000008a900000|  0%| F|  |TAMS 0x000000008a800000, 0x000000008a800000| Untracked 
| 169|0x000000008a900000, 0x000000008a900000, 0x000000008aa00000|  0%| F|  |TAMS 0x000000008a900000, 0x000000008a900000| Untracked 
| 170|0x000000008aa00000, 0x000000008aa00000, 0x000000008ab00000|  0%| F|  |TAMS 0x000000008aa00000, 0x000000008aa00000| Untracked 
| 171|0x000000008ab00000, 0x000000008ab00000, 0x000000008ac00000|  0%| F|  |TAMS 0x000000008ab00000, 0x000000008ab00000| Untracked 
| 172|0x000000008ac00000, 0x000000008ac00000, 0x000000008ad00000|  0%| F|  |TAMS 0x000000008ac00000, 0x000000008ac00000| Untracked 
| 173|0x000000008ad00000, 0x000000008ad00000, 0x000000008ae00000|  0%| F|  |TAMS 0x000000008ad00000, 0x000000008ad00000| Untracked 
| 174|0x000000008ae00000, 0x000000008ae00000, 0x000000008af00000|  0%| F|  |TAMS 0x000000008ae00000, 0x000000008ae00000| Untracked 
| 175|0x000000008af00000, 0x000000008af00000, 0x000000008b000000|  0%| F|  |TAMS 0x000000008af00000, 0x000000008af00000| Untracked 
| 176|0x000000008b000000, 0x000000008b000000, 0x000000008b100000|  0%| F|  |TAMS 0x000000008b000000, 0x000000008b000000| Untracked 
| 177|0x000000008b100000, 0x000000008b100000, 0x000000008b200000|  0%| F|  |TAMS 0x000000008b100000, 0x000000008b100000| Untracked 
| 178|0x000000008b200000, 0x000000008b200000, 0x000000008b300000|  0%| F|  |TAMS 0x000000008b200000, 0x000000008b200000| Untracked 
| 179|0x000000008b300000, 0x000000008b300000, 0x000000008b400000|  0%| F|  |TAMS 0x000000008b300000, 0x000000008b300000| Untracked 
| 180|0x000000008b400000, 0x000000008b400000, 0x000000008b500000|  0%| F|  |TAMS 0x000000008b400000, 0x000000008b400000| Untracked 
| 181|0x000000008b500000, 0x000000008b500000, 0x000000008b600000|  0%| F|  |TAMS 0x000000008b500000, 0x000000008b500000| Untracked 
| 182|0x000000008b600000, 0x000000008b600000, 0x000000008b700000|  0%| F|  |TAMS 0x000000008b600000, 0x000000008b600000| Untracked 
| 183|0x000000008b700000, 0x000000008b700000, 0x000000008b800000|  0%| F|  |TAMS 0x000000008b700000, 0x000000008b700000| Untracked 
| 184|0x000000008b800000, 0x000000008b800000, 0x000000008b900000|  0%| F|  |TAMS 0x000000008b800000, 0x000000008b800000| Untracked 
| 185|0x000000008b900000, 0x000000008b900000, 0x000000008ba00000|  0%| F|  |TAMS 0x000000008b900000, 0x000000008b900000| Untracked 
| 186|0x000000008ba00000, 0x000000008ba00000, 0x000000008bb00000|  0%| F|  |TAMS 0x000000008ba00000, 0x000000008ba00000| Untracked 
| 187|0x000000008bb00000, 0x000000008bb00000, 0x000000008bc00000|  0%| F|  |TAMS 0x000000008bb00000, 0x000000008bb00000| Untracked 
| 188|0x000000008bc00000, 0x000000008bc00000, 0x000000008bd00000|  0%| F|  |TAMS 0x000000008bc00000, 0x000000008bc00000| Untracked 
| 189|0x000000008bd00000, 0x000000008bd00000, 0x000000008be00000|  0%| F|  |TAMS 0x000000008bd00000, 0x000000008bd00000| Untracked 
| 190|0x000000008be00000, 0x000000008be00000, 0x000000008bf00000|  0%| F|  |TAMS 0x000000008be00000, 0x000000008be00000| Untracked 
| 191|0x000000008bf00000, 0x000000008bf00000, 0x000000008c000000|  0%| F|  |TAMS 0x000000008bf00000, 0x000000008bf00000| Untracked 
| 192|0x000000008c000000, 0x000000008c000000, 0x000000008c100000|  0%| F|  |TAMS 0x000000008c000000, 0x000000008c000000| Untracked 
| 193|0x000000008c100000, 0x000000008c100000, 0x000000008c200000|  0%| F|  |TAMS 0x000000008c100000, 0x000000008c100000| Untracked 
| 194|0x000000008c200000, 0x000000008c200000, 0x000000008c300000|  0%| F|  |TAMS 0x000000008c200000, 0x000000008c200000| Untracked 
| 195|0x000000008c300000, 0x000000008c300000, 0x000000008c400000|  0%| F|  |TAMS 0x000000008c300000, 0x000000008c300000| Untracked 
| 196|0x000000008c400000, 0x000000008c400000, 0x000000008c500000|  0%| F|  |TAMS 0x000000008c400000, 0x000000008c400000| Untracked 
| 197|0x000000008c500000, 0x000000008c500000, 0x000000008c600000|  0%| F|  |TAMS 0x000000008c500000, 0x000000008c500000| Untracked 
| 198|0x000000008c600000, 0x000000008c600000, 0x000000008c700000|  0%| F|  |TAMS 0x000000008c600000, 0x000000008c600000| Untracked 
| 199|0x000000008c700000, 0x000000008c700000, 0x000000008c800000|  0%| F|  |TAMS 0x000000008c700000, 0x000000008c700000| Untracked 
| 200|0x000000008c800000, 0x000000008c800000, 0x000000008c900000|  0%| F|  |TAMS 0x000000008c800000, 0x000000008c800000| Untracked 
| 201|0x000000008c900000, 0x000000008c900000, 0x000000008ca00000|  0%| F|  |TAMS 0x000000008c900000, 0x000000008c900000| Untracked 
| 202|0x000000008ca00000, 0x000000008ca00000, 0x000000008cb00000|  0%| F|  |TAMS 0x000000008ca00000, 0x000000008ca00000| Untracked 
| 203|0x000000008cb00000, 0x000000008cb00000, 0x000000008cc00000|  0%| F|  |TAMS 0x000000008cb00000, 0x000000008cb00000| Untracked 
| 204|0x000000008cc00000, 0x000000008cc00000, 0x000000008cd00000|  0%| F|  |TAMS 0x000000008cc00000, 0x000000008cc00000| Untracked 
| 205|0x000000008cd00000, 0x000000008cd00000, 0x000000008ce00000|  0%| F|  |TAMS 0x000000008cd00000, 0x000000008cd00000| Untracked 
| 206|0x000000008ce00000, 0x000000008ce00000, 0x000000008cf00000|  0%| F|  |TAMS 0x000000008ce00000, 0x000000008ce00000| Untracked 
| 207|0x000000008cf00000, 0x000000008cf00000, 0x000000008d000000|  0%| F|  |TAMS 0x000000008cf00000, 0x000000008cf00000| Untracked 
| 208|0x000000008d000000, 0x000000008d000000, 0x000000008d100000|  0%| F|  |TAMS 0x000000008d000000, 0x000000008d000000| Untracked 
| 209|0x000000008d100000, 0x000000008d100000, 0x000000008d200000|  0%| F|  |TAMS 0x000000008d100000, 0x000000008d100000| Untracked 
| 210|0x000000008d200000, 0x000000008d200000, 0x000000008d300000|  0%| F|  |TAMS 0x000000008d200000, 0x000000008d200000| Untracked 
| 211|0x000000008d300000, 0x000000008d300000, 0x000000008d400000|  0%| F|  |TAMS 0x000000008d300000, 0x000000008d300000| Untracked 
| 212|0x000000008d400000, 0x000000008d400000, 0x000000008d500000|  0%| F|  |TAMS 0x000000008d400000, 0x000000008d400000| Untracked 
| 213|0x000000008d500000, 0x000000008d500000, 0x000000008d600000|  0%| F|  |TAMS 0x000000008d500000, 0x000000008d500000| Untracked 
| 214|0x000000008d600000, 0x000000008d600000, 0x000000008d700000|  0%| F|  |TAMS 0x000000008d600000, 0x000000008d600000| Untracked 
| 215|0x000000008d700000, 0x000000008d700000, 0x000000008d800000|  0%| F|  |TAMS 0x000000008d700000, 0x000000008d700000| Untracked 
| 216|0x000000008d800000, 0x000000008d800000, 0x000000008d900000|  0%| F|  |TAMS 0x000000008d800000, 0x000000008d800000| Untracked 
| 217|0x000000008d900000, 0x000000008d900000, 0x000000008da00000|  0%| F|  |TAMS 0x000000008d900000, 0x000000008d900000| Untracked 
| 218|0x000000008da00000, 0x000000008da00000, 0x000000008db00000|  0%| F|  |TAMS 0x000000008da00000, 0x000000008da00000| Untracked 
| 219|0x000000008db00000, 0x000000008db00000, 0x000000008dc00000|  0%| F|  |TAMS 0x000000008db00000, 0x000000008db00000| Untracked 
| 220|0x000000008dc00000, 0x000000008dc00000, 0x000000008dd00000|  0%| F|  |TAMS 0x000000008dc00000, 0x000000008dc00000| Untracked 
| 221|0x000000008dd00000, 0x000000008dd00000, 0x000000008de00000|  0%| F|  |TAMS 0x000000008dd00000, 0x000000008dd00000| Untracked 
| 222|0x000000008de00000, 0x000000008de00000, 0x000000008df00000|  0%| F|  |TAMS 0x000000008de00000, 0x000000008de00000| Untracked 
| 223|0x000000008df00000, 0x000000008df00000, 0x000000008e000000|  0%| F|  |TAMS 0x000000008df00000, 0x000000008df00000| Untracked 
| 224|0x000000008e000000, 0x000000008e000000, 0x000000008e100000|  0%| F|  |TAMS 0x000000008e000000, 0x000000008e000000| Untracked 
| 225|0x000000008e100000, 0x000000008e100000, 0x000000008e200000|  0%| F|  |TAMS 0x000000008e100000, 0x000000008e100000| Untracked 
| 226|0x000000008e200000, 0x000000008e200000, 0x000000008e300000|  0%| F|  |TAMS 0x000000008e200000, 0x000000008e200000| Untracked 
| 227|0x000000008e300000, 0x000000008e300000, 0x000000008e400000|  0%| F|  |TAMS 0x000000008e300000, 0x000000008e300000| Untracked 
| 228|0x000000008e400000, 0x000000008e400000, 0x000000008e500000|  0%| F|  |TAMS 0x000000008e400000, 0x000000008e400000| Untracked 
| 229|0x000000008e500000, 0x000000008e500000, 0x000000008e600000|  0%| F|  |TAMS 0x000000008e500000, 0x000000008e500000| Untracked 
| 230|0x000000008e600000, 0x000000008e600000, 0x000000008e700000|  0%| F|  |TAMS 0x000000008e600000, 0x000000008e600000| Untracked 
| 231|0x000000008e700000, 0x000000008e700000, 0x000000008e800000|  0%| F|  |TAMS 0x000000008e700000, 0x000000008e700000| Untracked 
| 232|0x000000008e800000, 0x000000008e800000, 0x000000008e900000|  0%| F|  |TAMS 0x000000008e800000, 0x000000008e800000| Untracked 
| 233|0x000000008e900000, 0x000000008e900000, 0x000000008ea00000|  0%| F|  |TAMS 0x000000008e900000, 0x000000008e900000| Untracked 
| 234|0x000000008ea00000, 0x000000008ea00000, 0x000000008eb00000|  0%| F|  |TAMS 0x000000008ea00000, 0x000000008ea00000| Untracked 
| 235|0x000000008eb00000, 0x000000008eb00000, 0x000000008ec00000|  0%| F|  |TAMS 0x000000008eb00000, 0x000000008eb00000| Untracked 
| 236|0x000000008ec00000, 0x000000008ec00000, 0x000000008ed00000|  0%| F|  |TAMS 0x000000008ec00000, 0x000000008ec00000| Untracked 
| 237|0x000000008ed00000, 0x000000008ed00000, 0x000000008ee00000|  0%| F|  |TAMS 0x000000008ed00000, 0x000000008ed00000| Untracked 
| 238|0x000000008ee00000, 0x000000008ee00000, 0x000000008ef00000|  0%| F|  |TAMS 0x000000008ee00000, 0x000000008ee00000| Untracked 
| 239|0x000000008ef00000, 0x000000008ef00000, 0x000000008f000000|  0%| F|  |TAMS 0x000000008ef00000, 0x000000008ef00000| Untracked 
| 240|0x000000008f000000, 0x000000008f000000, 0x000000008f100000|  0%| F|  |TAMS 0x000000008f000000, 0x000000008f000000| Untracked 
| 241|0x000000008f100000, 0x000000008f100000, 0x000000008f200000|  0%| F|  |TAMS 0x000000008f100000, 0x000000008f100000| Untracked 
| 242|0x000000008f200000, 0x000000008f200000, 0x000000008f300000|  0%| F|  |TAMS 0x000000008f200000, 0x000000008f200000| Untracked 
| 243|0x000000008f300000, 0x000000008f300000, 0x000000008f400000|  0%| F|  |TAMS 0x000000008f300000, 0x000000008f300000| Untracked 
| 244|0x000000008f400000, 0x000000008f400000, 0x000000008f500000|  0%| F|  |TAMS 0x000000008f400000, 0x000000008f400000| Untracked 
| 245|0x000000008f500000, 0x000000008f500000, 0x000000008f600000|  0%| F|  |TAMS 0x000000008f500000, 0x000000008f500000| Untracked 
| 246|0x000000008f600000, 0x000000008f600000, 0x000000008f700000|  0%| F|  |TAMS 0x000000008f600000, 0x000000008f600000| Untracked 
| 247|0x000000008f700000, 0x000000008f700000, 0x000000008f800000|  0%| F|  |TAMS 0x000000008f700000, 0x000000008f700000| Untracked 
| 248|0x000000008f800000, 0x000000008f800000, 0x000000008f900000|  0%| F|  |TAMS 0x000000008f800000, 0x000000008f800000| Untracked 
| 249|0x000000008f900000, 0x000000008f900000, 0x000000008fa00000|  0%| F|  |TAMS 0x000000008f900000, 0x000000008f900000| Untracked 
| 250|0x000000008fa00000, 0x000000008fa00000, 0x000000008fb00000|  0%| F|  |TAMS 0x000000008fa00000, 0x000000008fa00000| Untracked 
| 251|0x000000008fb00000, 0x000000008fb00000, 0x000000008fc00000|  0%| F|  |TAMS 0x000000008fb00000, 0x000000008fb00000| Untracked 
| 252|0x000000008fc00000, 0x000000008fc00000, 0x000000008fd00000|  0%| F|  |TAMS 0x000000008fc00000, 0x000000008fc00000| Untracked 
| 253|0x000000008fd00000, 0x000000008fd00000, 0x000000008fe00000|  0%| F|  |TAMS 0x000000008fd00000, 0x000000008fd00000| Untracked 
| 254|0x000000008fe00000, 0x000000008fe00000, 0x000000008ff00000|  0%| F|  |TAMS 0x000000008fe00000, 0x000000008fe00000| Untracked 
| 255|0x000000008ff00000, 0x000000008ff00000, 0x0000000090000000|  0%| F|  |TAMS 0x000000008ff00000, 0x000000008ff00000| Untracked 
| 256|0x0000000090000000, 0x0000000090000000, 0x0000000090100000|  0%| F|  |TAMS 0x0000000090000000, 0x0000000090000000| Untracked 
| 257|0x0000000090100000, 0x0000000090100000, 0x0000000090200000|  0%| F|  |TAMS 0x0000000090100000, 0x0000000090100000| Untracked 
| 258|0x0000000090200000, 0x0000000090200000, 0x0000000090300000|  0%| F|  |TAMS 0x0000000090200000, 0x0000000090200000| Untracked 
| 259|0x0000000090300000, 0x0000000090300000, 0x0000000090400000|  0%| F|  |TAMS 0x0000000090300000, 0x0000000090300000| Untracked 
| 260|0x0000000090400000, 0x0000000090400000, 0x0000000090500000|  0%| F|  |TAMS 0x0000000090400000, 0x0000000090400000| Untracked 
| 261|0x0000000090500000, 0x0000000090500000, 0x0000000090600000|  0%| F|  |TAMS 0x0000000090500000, 0x0000000090500000| Untracked 
| 262|0x0000000090600000, 0x0000000090600000, 0x0000000090700000|  0%| F|  |TAMS 0x0000000090600000, 0x0000000090600000| Untracked 
| 263|0x0000000090700000, 0x0000000090700000, 0x0000000090800000|  0%| F|  |TAMS 0x0000000090700000, 0x0000000090700000| Untracked 
| 264|0x0000000090800000, 0x0000000090800000, 0x0000000090900000|  0%| F|  |TAMS 0x0000000090800000, 0x0000000090800000| Untracked 
| 265|0x0000000090900000, 0x0000000090900000, 0x0000000090a00000|  0%| F|  |TAMS 0x0000000090900000, 0x0000000090900000| Untracked 
| 266|0x0000000090a00000, 0x0000000090a00000, 0x0000000090b00000|  0%| F|  |TAMS 0x0000000090a00000, 0x0000000090a00000| Untracked 
| 267|0x0000000090b00000, 0x0000000090b00000, 0x0000000090c00000|  0%| F|  |TAMS 0x0000000090b00000, 0x0000000090b00000| Untracked 
| 268|0x0000000090c00000, 0x0000000090c00000, 0x0000000090d00000|  0%| F|  |TAMS 0x0000000090c00000, 0x0000000090c00000| Untracked 
| 269|0x0000000090d00000, 0x0000000090d00000, 0x0000000090e00000|  0%| F|  |TAMS 0x0000000090d00000, 0x0000000090d00000| Untracked 
| 270|0x0000000090e00000, 0x0000000090e00000, 0x0000000090f00000|  0%| F|  |TAMS 0x0000000090e00000, 0x0000000090e00000| Untracked 
| 271|0x0000000090f00000, 0x0000000090f00000, 0x0000000091000000|  0%| F|  |TAMS 0x0000000090f00000, 0x0000000090f00000| Untracked 
| 272|0x0000000091000000, 0x0000000091000000, 0x0000000091100000|  0%| F|  |TAMS 0x0000000091000000, 0x0000000091000000| Untracked 
| 273|0x0000000091100000, 0x0000000091100000, 0x0000000091200000|  0%| F|  |TAMS 0x0000000091100000, 0x0000000091100000| Untracked 
| 274|0x0000000091200000, 0x0000000091200000, 0x0000000091300000|  0%| F|  |TAMS 0x0000000091200000, 0x0000000091200000| Untracked 
| 275|0x0000000091300000, 0x0000000091300000, 0x0000000091400000|  0%| F|  |TAMS 0x0000000091300000, 0x0000000091300000| Untracked 
| 276|0x0000000091400000, 0x0000000091400000, 0x0000000091500000|  0%| F|  |TAMS 0x0000000091400000, 0x0000000091400000| Untracked 
| 277|0x0000000091500000, 0x0000000091500000, 0x0000000091600000|  0%| F|  |TAMS 0x0000000091500000, 0x0000000091500000| Untracked 
| 278|0x0000000091600000, 0x0000000091600000, 0x0000000091700000|  0%| F|  |TAMS 0x0000000091600000, 0x0000000091600000| Untracked 
| 279|0x0000000091700000, 0x0000000091700000, 0x0000000091800000|  0%| F|  |TAMS 0x0000000091700000, 0x0000000091700000| Untracked 
| 280|0x0000000091800000, 0x0000000091800000, 0x0000000091900000|  0%| F|  |TAMS 0x0000000091800000, 0x0000000091800000| Untracked 
| 281|0x0000000091900000, 0x0000000091900000, 0x0000000091a00000|  0%| F|  |TAMS 0x0000000091900000, 0x0000000091900000| Untracked 
| 282|0x0000000091a00000, 0x0000000091a00000, 0x0000000091b00000|  0%| F|  |TAMS 0x0000000091a00000, 0x0000000091a00000| Untracked 
| 283|0x0000000091b00000, 0x0000000091b00000, 0x0000000091c00000|  0%| F|  |TAMS 0x0000000091b00000, 0x0000000091b00000| Untracked 
| 284|0x0000000091c00000, 0x0000000091c00000, 0x0000000091d00000|  0%| F|  |TAMS 0x0000000091c00000, 0x0000000091c00000| Untracked 
| 285|0x0000000091d00000, 0x0000000091d00000, 0x0000000091e00000|  0%| F|  |TAMS 0x0000000091d00000, 0x0000000091d00000| Untracked 
| 286|0x0000000091e00000, 0x0000000091e00000, 0x0000000091f00000|  0%| F|  |TAMS 0x0000000091e00000, 0x0000000091e00000| Untracked 
| 287|0x0000000091f00000, 0x0000000091f00000, 0x0000000092000000|  0%| F|  |TAMS 0x0000000091f00000, 0x0000000091f00000| Untracked 
| 288|0x0000000092000000, 0x0000000092000000, 0x0000000092100000|  0%| F|  |TAMS 0x0000000092000000, 0x0000000092000000| Untracked 
| 289|0x0000000092100000, 0x0000000092100000, 0x0000000092200000|  0%| F|  |TAMS 0x0000000092100000, 0x0000000092100000| Untracked 
| 290|0x0000000092200000, 0x0000000092200000, 0x0000000092300000|  0%| F|  |TAMS 0x0000000092200000, 0x0000000092200000| Untracked 
| 291|0x0000000092300000, 0x0000000092300000, 0x0000000092400000|  0%| F|  |TAMS 0x0000000092300000, 0x0000000092300000| Untracked 
| 292|0x0000000092400000, 0x0000000092400000, 0x0000000092500000|  0%| F|  |TAMS 0x0000000092400000, 0x0000000092400000| Untracked 
| 293|0x0000000092500000, 0x0000000092500000, 0x0000000092600000|  0%| F|  |TAMS 0x0000000092500000, 0x0000000092500000| Untracked 
| 294|0x0000000092600000, 0x0000000092600000, 0x0000000092700000|  0%| F|  |TAMS 0x0000000092600000, 0x0000000092600000| Untracked 
| 295|0x0000000092700000, 0x0000000092700000, 0x0000000092800000|  0%| F|  |TAMS 0x0000000092700000, 0x0000000092700000| Untracked 
| 296|0x0000000092800000, 0x0000000092800000, 0x0000000092900000|  0%| F|  |TAMS 0x0000000092800000, 0x0000000092800000| Untracked 
| 297|0x0000000092900000, 0x0000000092900000, 0x0000000092a00000|  0%| F|  |TAMS 0x0000000092900000, 0x0000000092900000| Untracked 
| 298|0x0000000092a00000, 0x0000000092a00000, 0x0000000092b00000|  0%| F|  |TAMS 0x0000000092a00000, 0x0000000092a00000| Untracked 
| 299|0x0000000092b00000, 0x0000000092b00000, 0x0000000092c00000|  0%| F|  |TAMS 0x0000000092b00000, 0x0000000092b00000| Untracked 
| 300|0x0000000092c00000, 0x0000000092c00000, 0x0000000092d00000|  0%| F|  |TAMS 0x0000000092c00000, 0x0000000092c00000| Untracked 
| 301|0x0000000092d00000, 0x0000000092d00000, 0x0000000092e00000|  0%| F|  |TAMS 0x0000000092d00000, 0x0000000092d00000| Untracked 
| 302|0x0000000092e00000, 0x0000000092e00000, 0x0000000092f00000|  0%| F|  |TAMS 0x0000000092e00000, 0x0000000092e00000| Untracked 
| 303|0x0000000092f00000, 0x0000000092f00000, 0x0000000093000000|  0%| F|  |TAMS 0x0000000092f00000, 0x0000000092f00000| Untracked 
| 304|0x0000000093000000, 0x0000000093000000, 0x0000000093100000|  0%| F|  |TAMS 0x0000000093000000, 0x0000000093000000| Untracked 
| 305|0x0000000093100000, 0x0000000093100000, 0x0000000093200000|  0%| F|  |TAMS 0x0000000093100000, 0x0000000093100000| Untracked 
| 306|0x0000000093200000, 0x0000000093200000, 0x0000000093300000|  0%| F|  |TAMS 0x0000000093200000, 0x0000000093200000| Untracked 
| 307|0x0000000093300000, 0x0000000093300000, 0x0000000093400000|  0%| F|  |TAMS 0x0000000093300000, 0x0000000093300000| Untracked 
| 308|0x0000000093400000, 0x0000000093400000, 0x0000000093500000|  0%| F|  |TAMS 0x0000000093400000, 0x0000000093400000| Untracked 
| 309|0x0000000093500000, 0x0000000093500000, 0x0000000093600000|  0%| F|  |TAMS 0x0000000093500000, 0x0000000093500000| Untracked 
| 310|0x0000000093600000, 0x0000000093600000, 0x0000000093700000|  0%| F|  |TAMS 0x0000000093600000, 0x0000000093600000| Untracked 
| 311|0x0000000093700000, 0x0000000093700000, 0x0000000093800000|  0%| F|  |TAMS 0x0000000093700000, 0x0000000093700000| Untracked 
| 312|0x0000000093800000, 0x0000000093800000, 0x0000000093900000|  0%| F|  |TAMS 0x0000000093800000, 0x0000000093800000| Untracked 
| 313|0x0000000093900000, 0x0000000093900000, 0x0000000093a00000|  0%| F|  |TAMS 0x0000000093900000, 0x0000000093900000| Untracked 
| 314|0x0000000093a00000, 0x0000000093a00000, 0x0000000093b00000|  0%| F|  |TAMS 0x0000000093a00000, 0x0000000093a00000| Untracked 
| 315|0x0000000093b00000, 0x0000000093b00000, 0x0000000093c00000|  0%| F|  |TAMS 0x0000000093b00000, 0x0000000093b00000| Untracked 
| 316|0x0000000093c00000, 0x0000000093cef520, 0x0000000093d00000| 93%| S|CS|TAMS 0x0000000093c00000, 0x0000000093c00000| Complete 
| 317|0x0000000093d00000, 0x0000000093d00000, 0x0000000093e00000|  0%| F|  |TAMS 0x0000000093d00000, 0x0000000093d00000| Untracked 
| 318|0x0000000093e00000, 0x0000000093e00000, 0x0000000093f00000|  0%| F|  |TAMS 0x0000000093e00000, 0x0000000093e00000| Untracked 
| 319|0x0000000093f00000, 0x0000000093f00000, 0x0000000094000000|  0%| F|  |TAMS 0x0000000093f00000, 0x0000000093f00000| Untracked 
| 320|0x0000000094000000, 0x0000000094000000, 0x0000000094100000|  0%| F|  |TAMS 0x0000000094000000, 0x0000000094000000| Untracked 
| 321|0x0000000094100000, 0x0000000094100000, 0x0000000094200000|  0%| F|  |TAMS 0x0000000094100000, 0x0000000094100000| Untracked 
| 322|0x0000000094200000, 0x0000000094200000, 0x0000000094300000|  0%| F|  |TAMS 0x0000000094200000, 0x0000000094200000| Untracked 
| 323|0x0000000094300000, 0x0000000094300000, 0x0000000094400000|  0%| F|  |TAMS 0x0000000094300000, 0x0000000094300000| Untracked 
| 324|0x0000000094400000, 0x0000000094400000, 0x0000000094500000|  0%| F|  |TAMS 0x0000000094400000, 0x0000000094400000| Untracked 
| 325|0x0000000094500000, 0x0000000094500000, 0x0000000094600000|  0%| F|  |TAMS 0x0000000094500000, 0x0000000094500000| Untracked 
| 326|0x0000000094600000, 0x0000000094600000, 0x0000000094700000|  0%| F|  |TAMS 0x0000000094600000, 0x0000000094600000| Untracked 
| 327|0x0000000094700000, 0x0000000094700000, 0x0000000094800000|  0%| F|  |TAMS 0x0000000094700000, 0x0000000094700000| Untracked 
| 328|0x0000000094800000, 0x0000000094800000, 0x0000000094900000|  0%| F|  |TAMS 0x0000000094800000, 0x0000000094800000| Untracked 
| 329|0x0000000094900000, 0x0000000094900000, 0x0000000094a00000|  0%| F|  |TAMS 0x0000000094900000, 0x0000000094900000| Untracked 
| 330|0x0000000094a00000, 0x0000000094a00000, 0x0000000094b00000|  0%| F|  |TAMS 0x0000000094a00000, 0x0000000094a00000| Untracked 
| 331|0x0000000094b00000, 0x0000000094b00000, 0x0000000094c00000|  0%| F|  |TAMS 0x0000000094b00000, 0x0000000094b00000| Untracked 
| 332|0x0000000094c00000, 0x0000000094c00000, 0x0000000094d00000|  0%| F|  |TAMS 0x0000000094c00000, 0x0000000094c00000| Untracked 

Card table byte_map: [0x00000000151f0000,0x00000000155f0000] _byte_map_base: 0x0000000014df0000

Marking Bits (Prev, Next): (CMBitMap*) 0x00000000002ef010, (CMBitMap*) 0x00000000002ef050
 Prev Bits: [0x00000000159f0000, 0x00000000179f0000)
 Next Bits: [0x00000000179f0000, 0x00000000199f0000)

Polling page: 0x0000000000430000

Metaspace:

Usage:
  Non-class:     48.07 MB used.
      Class:      7.15 MB used.
       Both:     55.22 MB used.

Virtual space:
  Non-class space:       56.00 MB reserved,      48.38 MB ( 86%) committed,  7 nodes.
      Class space:        1.00 GB reserved,       7.38 MB ( <1%) committed,  1 nodes.
             Both:        1.05 GB reserved,      55.75 MB (  5%) committed. 

Chunk freelists:
   Non-Class:  3.00 MB
       Class:  656.00 KB
        Both:  3.64 MB

MaxMetaspaceSize: unlimited
CompressedClassSpaceSize: 1.00 GB
Initial GC threshold: 21.00 MB
Current GC threshold: 86.81 MB
CDS: off
MetaspaceReclaimPolicy: balanced
 - commit_granule_bytes: 65536.
 - commit_granule_words: 8192.
 - virtual_space_node_default_size: 1048576.
 - enlarge_chunks_in_place: 1.
 - new_chunks_are_fully_committed: 0.
 - uncommit_free_chunks: 1.
 - use_allocation_guard: 0.
 - handle_deallocations: 1.


Internal statistics:

num_allocs_failed_limit: 3.
num_arena_births: 622.
num_arena_deaths: 8.
num_vsnodes_births: 8.
num_vsnodes_deaths: 0.
num_space_committed: 892.
num_space_uncommitted: 0.
num_chunks_returned_to_freelist: 14.
num_chunks_taken_from_freelist: 2481.
num_chunk_merges: 3.
num_chunk_splits: 1637.
num_chunks_enlarged: 1114.
num_purges: 6.
num_inconsistent_stats: 0.

CodeHeap 'non-profiled nmethods': size=120064Kb used=5422Kb max_used=5636Kb free=114641Kb
 bounds [0x000000000d690000, 0x000000000dc20000, 0x0000000014bd0000]
CodeHeap 'profiled nmethods': size=120000Kb used=11423Kb max_used=12063Kb free=108576Kb
 bounds [0x0000000005bd0000, 0x00000000067a0000, 0x000000000d100000]
CodeHeap 'non-nmethods': size=5696Kb used=2315Kb max_used=2378Kb free=3380Kb
 bounds [0x000000000d100000, 0x000000000d370000, 0x000000000d690000]
 total_blobs=7141 nmethods=6303 adapters=751
 compilation: enabled
              stopped_count=0, restarted_count=0
 full_count=0

Compilation events (20 events):
Event: 633.372 Thread 0x000000001c591700 8177       1       org.gradle.internal.logging.events.ProgressEvent::isFailing (5 bytes)
Event: 633.373 Thread 0x000000001c591700 nmethod 8177 0x000000000dbd1c90 code [0x000000000dbd1e20, 0x000000000dbd1ef8]
Event: 633.837 Thread 0x000000001c591700 8178       3       java.util.stream.Nodes$SpinedNodeBuilder::begin (38 bytes)
Event: 633.838 Thread 0x000000001c591700 nmethod 8178 0x0000000006494390 code [0x0000000006494540, 0x0000000006494758]
Event: 633.838 Thread 0x000000001c591700 8179       3       java.util.stream.Nodes$SpinedNodeBuilder::end (29 bytes)
Event: 633.838 Thread 0x000000001c591700 nmethod 8179 0x0000000006562310 code [0x00000000065624a0, 0x00000000065625b8]
Event: 633.838 Thread 0x000000001c591700 8180       3       java.util.stream.Nodes$SpinedNodeBuilder::build (25 bytes)
Event: 633.839 Thread 0x000000001c591700 nmethod 8180 0x0000000006572310 code [0x00000000065724a0, 0x00000000065725b8]
Event: 633.839 Thread 0x000000001c591700 8181       3       java.util.stream.Nodes$SpinedNodeBuilder::asArray (29 bytes)
Event: 633.839 Thread 0x000000001c591700 nmethod 8181 0x000000000674e010 code [0x000000000674e1c0, 0x000000000674e308]
Event: 633.840 Thread 0x000000001c591700 8182       3       java.util.stream.SpinedBuffer::asArray (46 bytes)
Event: 633.841 Thread 0x000000001c591700 nmethod 8182 0x0000000006747e10 code [0x0000000006748000, 0x00000000067485e8]
Event: 633.841 Thread 0x000000001c591700 8183       3       java.util.stream.Nodes$SpinedNodeBuilder::copyInto (30 bytes)
Event: 633.841 Thread 0x000000001c591700 nmethod 8183 0x000000000607f090 code [0x000000000607f240, 0x000000000607f388]
Event: 633.843 Thread 0x000000001c591700 8184       3       java.nio.MappedByteBuffer::flip (7 bytes)
Event: 633.844 Thread 0x000000001c591700 nmethod 8184 0x0000000006312a90 code [0x0000000006312c40, 0x0000000006312e18]
Event: 633.844 Thread 0x000000001c591700 8185       3       sun.nio.ch.IOUtil::acquireScope (11 bytes)
Event: 633.844 Thread 0x000000001c591700 nmethod 8185 0x0000000005edc590 code [0x0000000005edc740, 0x0000000005edc888]
Event: 633.844 Thread 0x000000001c591700 8186       3       java.nio.Buffer$1::acquireScope (41 bytes)
Event: 633.968 Thread 0x000000001c591700 nmethod 8186 0x000000000677d190 code [0x000000000677d380, 0x000000000677d918]

GC Heap History (20 events):
Event: 598.414 GC heap after
{Heap after GC invocations=122 (full 0):
 garbage-first heap   total 283648K, used 90366K [0x0000000080000000, 0x0000000100000000)
  region size 1024K, 8 young (8192K), 8 survivors (8192K)
 Metaspace       used 56524K, committed 57024K, reserved 1105920K
  class space    used 7318K, committed 7552K, reserved 1048576K
}
Event: 603.300 GC heap before
{Heap before GC invocations=122 (full 0):
 garbage-first heap   total 283648K, used 246014K [0x0000000080000000, 0x0000000100000000)
  region size 1024K, 160 young (163840K), 8 survivors (8192K)
 Metaspace       used 56527K, committed 57024K, reserved 1105920K
  class space    used 7318K, committed 7552K, reserved 1048576K
}
Event: 603.339 GC heap after
{Heap after GC invocations=123 (full 0):
 garbage-first heap   total 283648K, used 91390K [0x0000000080000000, 0x0000000100000000)
  region size 1024K, 9 young (9216K), 9 survivors (9216K)
 Metaspace       used 56527K, committed 57024K, reserved 1105920K
  class space    used 7318K, committed 7552K, reserved 1048576K
}
Event: 607.250 GC heap before
{Heap before GC invocations=123 (full 0):
 garbage-first heap   total 283648K, used 244990K [0x0000000080000000, 0x0000000100000000)
  region size 1024K, 159 young (162816K), 9 survivors (9216K)
 Metaspace       used 56528K, committed 57024K, reserved 1105920K
  class space    used 7318K, committed 7552K, reserved 1048576K
}
Event: 607.311 GC heap after
{Heap after GC invocations=124 (full 0):
 garbage-first heap   total 283648K, used 91902K [0x0000000080000000, 0x0000000100000000)
  region size 1024K, 10 young (10240K), 10 survivors (10240K)
 Metaspace       used 56528K, committed 57024K, reserved 1105920K
  class space    used 7318K, committed 7552K, reserved 1048576K
}
Event: 610.208 GC heap before
{Heap before GC invocations=124 (full 0):
 garbage-first heap   total 283648K, used 243454K [0x0000000080000000, 0x0000000100000000)
  region size 1024K, 158 young (161792K), 10 survivors (10240K)
 Metaspace       used 56532K, committed 57024K, reserved 1105920K
  class space    used 7318K, committed 7552K, reserved 1048576K
}
Event: 610.251 GC heap after
{Heap after GC invocations=125 (full 0):
 garbage-first heap   total 283648K, used 92926K [0x0000000080000000, 0x0000000100000000)
  region size 1024K, 11 young (11264K), 11 survivors (11264K)
 Metaspace       used 56532K, committed 57024K, reserved 1105920K
  class space    used 7318K, committed 7552K, reserved 1048576K
}
Event: 613.143 GC heap before
{Heap before GC invocations=125 (full 0):
 garbage-first heap   total 283648K, used 242430K [0x0000000080000000, 0x0000000100000000)
  region size 1024K, 157 young (160768K), 11 survivors (11264K)
 Metaspace       used 56540K, committed 57088K, reserved 1105920K
  class space    used 7318K, committed 7552K, reserved 1048576K
}
Event: 613.236 GC heap after
{Heap after GC invocations=126 (full 0):
 garbage-first heap   total 283648K, used 93438K [0x0000000080000000, 0x0000000100000000)
  region size 1024K, 11 young (11264K), 11 survivors (11264K)
 Metaspace       used 56540K, committed 57088K, reserved 1105920K
  class space    used 7318K, committed 7552K, reserved 1048576K
}
Event: 616.526 GC heap before
{Heap before GC invocations=126 (full 0):
 garbage-first heap   total 283648K, used 242942K [0x0000000080000000, 0x0000000100000000)
  region size 1024K, 157 young (160768K), 11 survivors (11264K)
 Metaspace       used 56542K, committed 57088K, reserved 1105920K
  class space    used 7318K, committed 7552K, reserved 1048576K
}
Event: 616.620 GC heap after
{Heap after GC invocations=127 (full 0):
 garbage-first heap   total 340992K, used 94079K [0x0000000080000000, 0x0000000100000000)
  region size 1024K, 11 young (11264K), 11 survivors (11264K)
 Metaspace       used 56542K, committed 57088K, reserved 1105920K
  class space    used 7318K, committed 7552K, reserved 1048576K
}
Event: 622.755 GC heap before
{Heap before GC invocations=127 (full 0):
 garbage-first heap   total 340992K, used 286591K [0x0000000080000000, 0x0000000100000000)
  region size 1024K, 199 young (203776K), 11 survivors (11264K)
 Metaspace       used 56542K, committed 57088K, reserved 1105920K
  class space    used 7318K, committed 7552K, reserved 1048576K
}
Event: 622.807 GC heap after
{Heap after GC invocations=128 (full 0):
 garbage-first heap   total 340992K, used 95615K [0x0000000080000000, 0x0000000100000000)
  region size 1024K, 13 young (13312K), 13 survivors (13312K)
 Metaspace       used 56542K, committed 57088K, reserved 1105920K
  class space    used 7318K, committed 7552K, reserved 1048576K
}
Event: 629.532 GC heap before
{Heap before GC invocations=128 (full 0):
 garbage-first heap   total 340992K, used 286079K [0x0000000080000000, 0x0000000100000000)
  region size 1024K, 199 young (203776K), 13 survivors (13312K)
 Metaspace       used 56542K, committed 57088K, reserved 1105920K
  class space    used 7318K, committed 7552K, reserved 1048576K
}
Event: 629.820 GC heap after
{Heap after GC invocations=129 (full 0):
 garbage-first heap   total 340992K, used 96937K [0x0000000080000000, 0x0000000100000000)
  region size 1024K, 13 young (13312K), 13 survivors (13312K)
 Metaspace       used 56542K, committed 57088K, reserved 1105920K
  class space    used 7318K, committed 7552K, reserved 1048576K
}
Event: 635.594 GC heap before
{Heap before GC invocations=129 (full 0):
 garbage-first heap   total 340992K, used 177833K [0x0000000080000000, 0x0000000100000000)
  region size 1024K, 92 young (94208K), 13 survivors (13312K)
 Metaspace       used 56547K, committed 57088K, reserved 1105920K
  class space    used 7318K, committed 7552K, reserved 1048576K
}
Event: 638.467 GC heap after
{Heap after GC invocations=130 (full 0):
 garbage-first heap   total 340992K, used 97239K [0x0000000080000000, 0x0000000100000000)
  region size 1024K, 7 young (7168K), 7 survivors (7168K)
 Metaspace       used 56547K, committed 57088K, reserved 1105920K
  class space    used 7318K, committed 7552K, reserved 1048576K
}
Event: 638.781 GC heap before
{Heap before GC invocations=130 (full 0):
 garbage-first heap   total 340992K, used 106455K [0x0000000080000000, 0x0000000100000000)
  region size 1024K, 16 young (16384K), 7 survivors (7168K)
 Metaspace       used 56547K, committed 57088K, reserved 1105920K
  class space    used 7318K, committed 7552K, reserved 1048576K
}
Event: 640.450 GC heap after
{Heap after GC invocations=131 (full 0):
 garbage-first heap   total 340992K, used 98146K [0x0000000080000000, 0x0000000100000000)
  region size 1024K, 2 young (2048K), 2 survivors (2048K)
 Metaspace       used 56547K, committed 57088K, reserved 1105920K
  class space    used 7318K, committed 7552K, reserved 1048576K
}
Event: 640.606 GC heap before
{Heap before GC invocations=131 (full 0):
 garbage-first heap   total 340992K, used 112482K [0x0000000080000000, 0x0000000100000000)
  region size 1024K, 16 young (16384K), 2 survivors (2048K)
 Metaspace       used 56547K, committed 57088K, reserved 1105920K
  class space    used 7318K, committed 7552K, reserved 1048576K
}

Dll operation events (2 events):
Event: 0.723 Loaded shared library C:\Program Files\Android\Android Studio\jbr\bin\java.dll
Event: 8.289 Loaded shared library C:\Program Files\Android\Android Studio\jbr\bin\verify.dll

Deoptimization events (20 events):
Event: 608.663 Thread 0x000000005ef5e830 Uncommon trap: trap_request=0xffffff45 fr.pc=0x000000000d986ea4 relative=0x0000000000001884
Event: 608.663 Thread 0x000000005ef5e830 Uncommon trap: reason=unstable_if action=reinterpret pc=0x000000000d986ea4 method=java.lang.CharacterDataLatin1.isDigit(I)Z @ 9 c2
Event: 608.663 Thread 0x000000005ef5e830 DEOPT PACKING pc=0x000000000d986ea4 sp=0x00000000619f7b30
Event: 608.663 Thread 0x000000005ef5e830 DEOPT UNPACKING pc=0x000000000d15699e sp=0x00000000619f7948 mode 2
Event: 614.489 Thread 0x000000005ef5e830 Uncommon trap: trap_request=0xffffff45 fr.pc=0x000000000d96a4c0 relative=0x00000000000076a0
Event: 614.489 Thread 0x000000005ef5e830 Uncommon trap: reason=unstable_if action=reinterpret pc=0x000000000d96a4c0 method=org.objectweb.asm.ClassReader.accept(Lorg/objectweb/asm/ClassVisitor;[Lorg/objectweb/asm/Attribute;I)V @ 597 c2
Event: 614.489 Thread 0x000000005ef5e830 DEOPT PACKING pc=0x000000000d96a4c0 sp=0x00000000619f7bd0
Event: 614.489 Thread 0x000000005ef5e830 DEOPT UNPACKING pc=0x000000000d15699e sp=0x00000000619f7b78 mode 2
Event: 614.495 Thread 0x000000005ef5e830 Uncommon trap: trap_request=0xffffff45 fr.pc=0x000000000d97eb10 relative=0x0000000000002410
Event: 614.495 Thread 0x000000005ef5e830 Uncommon trap: reason=unstable_if action=reinterpret pc=0x000000000d97eb10 method=org.objectweb.asm.commons.Remapper.mapType(Ljava/lang/String;)Ljava/lang/String; @ 1 c2
Event: 614.495 Thread 0x000000005ef5e830 DEOPT PACKING pc=0x000000000d97eb10 sp=0x00000000619f7a90
Event: 614.495 Thread 0x000000005ef5e830 DEOPT UNPACKING pc=0x000000000d15699e sp=0x00000000619f7a40 mode 2
Event: 615.180 Thread 0x000000005ef5e830 Uncommon trap: trap_request=0xffffffcc fr.pc=0x000000000db590dc relative=0x000000000000429c
Event: 615.180 Thread 0x000000005ef5e830 Uncommon trap: reason=intrinsic_or_type_checked_inlining action=make_not_entrant pc=0x000000000db590dc method=java.util.ArrayList$SubList.toArray([Ljava/lang/Object;)[Ljava/lang/Object; @ 58 c2
Event: 615.180 Thread 0x000000005ef5e830 DEOPT PACKING pc=0x000000000db590dc sp=0x00000000619f7b40
Event: 615.180 Thread 0x000000005ef5e830 DEOPT UNPACKING pc=0x000000000d15699e sp=0x00000000619f7a08 mode 2
Event: 616.279 Thread 0x000000005ef5e830 DEOPT PACKING pc=0x000000000610b6eb sp=0x00000000619f7a20
Event: 616.279 Thread 0x000000005ef5e830 DEOPT UNPACKING pc=0x000000000d157125 sp=0x00000000619f7070 mode 0
Event: 618.180 Thread 0x000000005ef5e830 DEOPT PACKING pc=0x000000000610bc16 sp=0x00000000619f7a20
Event: 618.180 Thread 0x000000005ef5e830 DEOPT UNPACKING pc=0x000000000d157125 sp=0x00000000619f7070 mode 0

Classes unloaded (10 events):
Event: 248.795 Thread 0x000000001c29fb50 Unloading class 0x000000001cdf4558 '_BuildScript_$_run_closure1'
Event: 248.846 Thread 0x000000001c29fb50 Unloading class 0x000000001cdf4000 '_BuildScript_'
Event: 263.719 Thread 0x000000001c29fb50 Unloading class 0x000000001ce3b968 '_BuildScript_$_run_closure1$_closure2'
Event: 263.720 Thread 0x000000001c29fb50 Unloading class 0x000000001ce3b558 '_BuildScript_$_run_closure1'
Event: 263.720 Thread 0x000000001c29fb50 Unloading class 0x000000001ce3b000 '_BuildScript_'
Event: 412.243 Thread 0x000000001c29fb50 Unloading class 0x000000001cef4968 '_BuildScript_$_run_closure1$_closure2'
Event: 412.243 Thread 0x000000001c29fb50 Unloading class 0x000000001cef4558 '_BuildScript_$_run_closure1'
Event: 412.243 Thread 0x000000001c29fb50 Unloading class 0x000000001cef4000 '_BuildScript_'
Event: 412.243 Thread 0x000000001c29fb50 Unloading class 0x000000001ceec558 '_BuildScript_$_run_closure1'
Event: 412.243 Thread 0x000000001c29fb50 Unloading class 0x000000001ceec000 '_BuildScript_'

Classes redefined (0 events):
No events

Internal exceptions (20 events):
Event: 536.201 Thread 0x000000005ef5e830 Exception <a 'java/lang/NoSuchMethodError'{0x000000008def4180}: 'java.lang.Object java.lang.invoke.Invokers$Holder.invoker(java.lang.Object, java.lang.Object, java.lang.Object, java.lang.Object, java.lang.Object, java.lang.Object, java.lang.Object, java.lang.Object, java.lang.Object)'> (0x000000008def4180) 
thrown [s\src\hotspot\share\interpreter\linkResolver.cpp, line 771]
Event: 536.455 Thread 0x000000005ef5e830 Exception <a 'java/lang/NoSuchMethodError'{0x000000008dd9b2e0}: 'java.lang.Object java.lang.invoke.Invokers$Holder.invoker(java.lang.Object, java.lang.Object, java.lang.Object, java.lang.Object)'> (0x000000008dd9b2e0) 
thrown [s\src\hotspot\share\interpreter\linkResolver.cpp, line 771]
Event: 537.084 Thread 0x000000005ef5e830 Exception <a 'java/lang/NoSuchMethodError'{0x000000008dc3dd60}: 'java.lang.Object java.lang.invoke.DelegatingMethodHandle$Holder.reinvoke_L(java.lang.Object, java.lang.Object, java.lang.Object, java.lang.Object, java.lang.Object, java.lang.Object, java.lang.Object, java.lang.Object, java.lang.Object, java.lang.Object, java.lang.Object, java.lang.Object, java.lang.Object, java.lang.Object, java.lang.Object, java.lang.Object, java.lang.Object, java.lang.Object, java.lang.Object, java.lang.Object, java.lang.O
Event: 537.087 Thread 0x000000005ef5e830 Exception <a 'java/lang/NoSuchMethodError'{0x000000008dc49530}: 'java.lang.Object java.lang.invoke.Invokers$Holder.invoker(java.lang.Object, java.lang.Object, java.lang.Object, java.lang.Object, java.lang.Object, java.lang.Object, java.lang.Object, java.lang.Object, java.lang.Object, java.lang.Object, java.lang.Object, java.lang.Object, java.lang.Object, java.lang.Object, java.lang.Object, java.lang.Object, java.lang.Object, java.lang.Object, java.lang.Object, java.lang.Object, java.lang.Object)'> (0x00000
Event: 537.090 Thread 0x000000005ef5e830 Exception <a 'java/lang/NoSuchMethodError'{0x000000008dc4fee8}: 'java.lang.Object java.lang.invoke.DelegatingMethodHandle$Holder.delegate(java.lang.Object, java.lang.Object, java.lang.Object, java.lang.Object, java.lang.Object, java.lang.Object, java.lang.Object, java.lang.Object, java.lang.Object, java.lang.Object, java.lang.Object, java.lang.Object, java.lang.Object, java.lang.Object, java.lang.Object, java.lang.Object, java.lang.Object, java.lang.Object, java.lang.Object, java.lang.Object, java.lang.Obj
Event: 537.290 Thread 0x000000005ef5e830 Exception <a 'java/lang/NoSuchMethodError'{0x000000008db3cec8}: 'java.lang.Object java.lang.invoke.DirectMethodHandle$Holder.invokeStatic(java.lang.Object, java.lang.Object, java.lang.Object, java.lang.Object, java.lang.Object, java.lang.Object, java.lang.Object, java.lang.Object, java.lang.Object, java.lang.Object, java.lang.Object, java.lang.Object, java.lang.Object, java.lang.Object, java.lang.Object, java.lang.Object, java.lang.Object)'> (0x000000008db3cec8) 
thrown [s\src\hotspot\share\interpreter\lin
Event: 537.301 Thread 0x000000005ef5e830 Exception <a 'java/lang/NoSuchMethodError'{0x000000008db64d98}: 'java.lang.Object java.lang.invoke.DirectMethodHandle$Holder.invokeStatic(java.lang.Object, java.lang.Object, java.lang.Object, java.lang.Object, java.lang.Object, java.lang.Object, java.lang.Object, java.lang.Object, java.lang.Object, java.lang.Object, java.lang.Object, java.lang.Object, java.lang.Object, java.lang.Object, java.lang.Object, java.lang.Object, java.lang.Object, java.lang.Object)'> (0x000000008db64d98) 
thrown [s\src\hotspot\sha
Event: 537.314 Thread 0x000000005ef5e830 Exception <a 'java/lang/NoSuchMethodError'{0x000000008db8d638}: 'java.lang.Object java.lang.invoke.DirectMethodHandle$Holder.invokeStatic(java.lang.Object, java.lang.Object, java.lang.Object, java.lang.Object, java.lang.Object, java.lang.Object, java.lang.Object, java.lang.Object, java.lang.Object, java.lang.Object, java.lang.Object, java.lang.Object, java.lang.Object, java.lang.Object, java.lang.Object, java.lang.Object, java.lang.Object, java.lang.Object, java.lang.Object)'> (0x000000008db8d638) 
thrown 
Event: 537.325 Thread 0x000000005ef5e830 Exception <a 'java/lang/NoSuchMethodError'{0x000000008dbb6f40}: 'java.lang.Object java.lang.invoke.DirectMethodHandle$Holder.invokeStatic(java.lang.Object, java.lang.Object, java.lang.Object, java.lang.Object, java.lang.Object, java.lang.Object, java.lang.Object, java.lang.Object, java.lang.Object, java.lang.Object, java.lang.Object, java.lang.Object, java.lang.Object, java.lang.Object, java.lang.Object, java.lang.Object, java.lang.Object, java.lang.Object, java.lang.Object, java.lang.Object)'> (0x00000000
Event: 537.354 Thread 0x000000005ef5e830 Exception <a 'java/lang/NoSuchMethodError'{0x000000008dbe18a8}: 'java.lang.Object java.lang.invoke.DirectMethodHandle$Holder.invokeStatic(java.lang.Object, java.lang.Object, java.lang.Object, java.lang.Object, java.lang.Object, java.lang.Object, java.lang.Object, java.lang.Object, java.lang.Object, java.lang.Object, java.lang.Object, java.lang.Object, java.lang.Object, java.lang.Object, java.lang.Object, java.lang.Object, java.lang.Object, java.lang.Object, java.lang.Object, java.lang.Object, java.lang.Obj
Event: 537.364 Thread 0x000000005ef5e830 Exception <a 'java/lang/NoSuchMethodError'{0x000000008da0d698}: 'java.lang.Object java.lang.invoke.DirectMethodHandle$Holder.invokeStatic(java.lang.Object, java.lang.Object, java.lang.Object, java.lang.Object, java.lang.Object, java.lang.Object, java.lang.Object, java.lang.Object, java.lang.Object, java.lang.Object, java.lang.Object, java.lang.Object, java.lang.Object, java.lang.Object, java.lang.Object, java.lang.Object, java.lang.Object, java.lang.Object, java.lang.Object, java.lang.Object, java.lang.Obj
Event: 537.373 Thread 0x000000005ef5e830 Exception <a 'java/lang/NoSuchMethodError'{0x000000008da3a438}: 'java.lang.Object java.lang.invoke.DirectMethodHandle$Holder.invokeStatic(java.lang.Object, java.lang.Object, java.lang.Object, java.lang.Object, java.lang.Object, java.lang.Object, java.lang.Object, java.lang.Object, java.lang.Object, java.lang.Object, java.lang.Object, java.lang.Object, java.lang.Object, java.lang.Object, java.lang.Object, java.lang.Object, java.lang.Object, java.lang.Object, java.lang.Object, java.lang.Object, java.lang.Obj
Event: 537.384 Thread 0x000000005ef5e830 Exception <a 'java/lang/NoSuchMethodError'{0x000000008da68a90}: 'java.lang.Object java.lang.invoke.DirectMethodHandle$Holder.invokeStatic(java.lang.Object, java.lang.Object, java.lang.Object, java.lang.Object, java.lang.Object, java.lang.Object, java.lang.Object, java.lang.Object, java.lang.Object, java.lang.Object, java.lang.Object, java.lang.Object, java.lang.Object, java.lang.Object, java.lang.Object, java.lang.Object, java.lang.Object, java.lang.Object, java.lang.Object, java.lang.Object, java.lang.Obj
Event: 538.619 Thread 0x000000005ef5e830 Exception <a 'sun/nio/fs/WindowsException'{0x000000008cfd06f0}> (0x000000008cfd06f0) 
thrown [s\src\hotspot\share\prims\jni.cpp, line 517]
Event: 538.720 Thread 0x000000005ef5e830 Implicit null exception at 0x000000000d71bcd2 to 0x000000000d71c570
Event: 538.720 Thread 0x000000005ef5e830 Implicit null exception at 0x000000000d70d74a to 0x000000000d70d928
Event: 538.721 Thread 0x000000005ef5e830 Implicit null exception at 0x000000000da0ae9c to 0x000000000da0cba0
Event: 538.746 Thread 0x000000005ef5e830 Implicit null exception at 0x000000000d97515c to 0x000000000d9761f8
Event: 538.757 Thread 0x000000005ef5e830 Implicit null exception at 0x000000000d9c0937 to 0x000000000d9c1044
Event: 614.495 Thread 0x000000005ef5e830 Implicit null exception at 0x000000000d97ca64 to 0x000000000d97eae8

VM Operations (20 events):
Event: 614.489 Executing VM operation: HandshakeAllThreads done
Event: 615.490 Executing VM operation: Cleanup
Event: 615.491 Executing VM operation: Cleanup done
Event: 616.526 Executing VM operation: G1CollectForAllocation
Event: 616.621 Executing VM operation: G1CollectForAllocation done
Event: 618.647 Executing VM operation: Cleanup
Event: 618.651 Executing VM operation: Cleanup done
Event: 622.754 Executing VM operation: G1CollectForAllocation
Event: 622.807 Executing VM operation: G1CollectForAllocation done
Event: 625.846 Executing VM operation: Cleanup
Event: 625.846 Executing VM operation: Cleanup done
Event: 629.532 Executing VM operation: G1CollectForAllocation
Event: 629.820 Executing VM operation: G1CollectForAllocation done
Event: 634.872 Executing VM operation: Cleanup
Event: 634.877 Executing VM operation: Cleanup done
Event: 635.594 Executing VM operation: G1CollectForAllocation
Event: 638.467 Executing VM operation: G1CollectForAllocation done
Event: 638.781 Executing VM operation: G1CollectForAllocation
Event: 640.451 Executing VM operation: G1CollectForAllocation done
Event: 640.606 Executing VM operation: G1CollectForAllocation

Events (20 events):
Event: 614.490 Thread 0x000000001c5933a0 flushing nmethod 0x000000000d728010
Event: 614.497 Thread 0x000000001c5933a0 flushing nmethod 0x000000000dbcc410
Event: 614.497 Thread 0x000000001c5933a0 flushing nmethod 0x000000000dbe0890
Event: 614.507 Thread 0x000000001c5933a0 flushing nmethod 0x000000000607f090
Event: 614.510 Thread 0x000000001c5933a0 flushing nmethod 0x00000000061b8f10
Event: 614.518 Thread 0x000000001c5933a0 flushing nmethod 0x0000000006562310
Event: 614.518 Thread 0x000000001c5933a0 flushing nmethod 0x0000000006572310
Event: 614.519 Thread 0x000000001c5933a0 flushing nmethod 0x0000000006654710
Event: 614.521 Thread 0x000000001c5933a0 flushing nmethod 0x0000000006710490
Event: 614.522 Thread 0x000000001c5933a0 flushing nmethod 0x0000000006744310
Event: 614.522 Thread 0x000000001c5933a0 flushing nmethod 0x0000000006747e10
Event: 614.522 Thread 0x000000001c5933a0 flushing nmethod 0x000000000674e010
Event: 614.522 Thread 0x000000001c5933a0 flushing nmethod 0x000000000674eb90
Event: 614.522 Thread 0x000000001c5933a0 flushing nmethod 0x0000000006752b90
Event: 614.523 Thread 0x000000001c5933a0 flushing nmethod 0x000000000676ed90
Event: 614.523 Thread 0x000000001c5933a0 flushing nmethod 0x0000000006770810
Event: 614.523 Thread 0x000000001c5933a0 flushing nmethod 0x0000000006774d90
Event: 614.523 Thread 0x000000001c5933a0 flushing nmethod 0x000000000677d190
Event: 614.523 Thread 0x000000001c5933a0 flushing nmethod 0x000000000677d710
Event: 614.523 Thread 0x000000001c5933a0 flushing nmethod 0x000000000677f510


Dynamic libraries:
0x000000013f7a0000 - 0x000000013f7aa000 	C:\Program Files\Android\Android Studio\jbr\bin\java.exe
0x0000000077790000 - 0x0000000077939000 	C:\Windows\SYSTEM32\ntdll.dll
0x0000000077670000 - 0x000000007778f000 	C:\Windows\system32\kernel32.dll
0x000007fefd9c0000 - 0x000007fefda2b000 	C:\Windows\system32\KERNELBASE.dll
0x000007fef9f70000 - 0x000007fef9f87000 	C:\Program Files\Android\Android Studio\jbr\bin\jli.dll
0x000007fefc1b0000 - 0x000007fefc3a4000 	C:\Windows\WinSxS\amd64_microsoft.windows.common-controls_6595b64144ccf1df_6.0.7601.17514_none_fa396087175ac9ac\COMCTL32.dll
0x000007fefe7b0000 - 0x000007fefe84f000 	C:\Windows\system32\msvcrt.dll
0x000007fefdff0000 - 0x000007fefe057000 	C:\Windows\system32\GDI32.dll
0x0000000077570000 - 0x000000007766a000 	C:\Windows\system32\USER32.dll
0x000007fefe620000 - 0x000007fefe62e000 	C:\Windows\system32\LPK.dll
0x000007fefde10000 - 0x000007fefded9000 	C:\Windows\system32\USP10.dll
0x000007feffa10000 - 0x000007feffa81000 	C:\Windows\system32\SHLWAPI.dll
0x000007fef8d60000 - 0x000007fef8d7b000 	C:\Program Files\Android\Android Studio\jbr\bin\VCRUNTIME140.dll
0x000007fef9f60000 - 0x000007fef9f64000 	C:\Program Files\Android\Android Studio\jbr\bin\api-ms-win-crt-runtime-l1-1-0.dll
0x000007fef2270000 - 0x000007fef2362000 	C:\Program Files\Android\Android Studio\jbr\bin\ucrtbase.DLL
0x000007fef8dd0000 - 0x000007fef8dd3000 	C:\Program Files\Android\Android Studio\jbr\bin\api-ms-win-core-timezone-l1-1-0.dll
0x000007fef8da0000 - 0x000007fef8da3000 	C:\Program Files\Android\Android Studio\jbr\bin\api-ms-win-core-file-l2-1-0.dll
0x000007fef7890000 - 0x000007fef7893000 	C:\Program Files\Android\Android Studio\jbr\bin\api-ms-win-core-localization-l1-2-0.dll
0x000007fef6b60000 - 0x000007fef6b63000 	C:\Program Files\Android\Android Studio\jbr\bin\api-ms-win-core-synch-l1-2-0.dll
0x000007fef5600000 - 0x000007fef5603000 	C:\Program Files\Android\Android Studio\jbr\bin\api-ms-win-core-processthreads-l1-1-1.dll
0x000007fef55f0000 - 0x000007fef55f3000 	C:\Program Files\Android\Android Studio\jbr\bin\api-ms-win-core-file-l1-2-0.dll
0x000007fef4b70000 - 0x000007fef4b73000 	C:\Program Files\Android\Android Studio\jbr\bin\api-ms-win-crt-heap-l1-1-0.dll
0x000007fef4a90000 - 0x000007fef4a94000 	C:\Program Files\Android\Android Studio\jbr\bin\api-ms-win-crt-string-l1-1-0.dll
0x000007fef4a80000 - 0x000007fef4a84000 	C:\Program Files\Android\Android Studio\jbr\bin\api-ms-win-crt-stdio-l1-1-0.dll
0x000007fef4a70000 - 0x000007fef4a74000 	C:\Program Files\Android\Android Studio\jbr\bin\api-ms-win-crt-convert-l1-1-0.dll
0x000007fef49b0000 - 0x000007fef49b3000 	C:\Program Files\Android\Android Studio\jbr\bin\api-ms-win-crt-environment-l1-1-0.dll
0x000007fef49a0000 - 0x000007fef49a3000 	C:\Program Files\Android\Android Studio\jbr\bin\api-ms-win-crt-filesystem-l1-1-0.dll
0x000007fef4a50000 - 0x000007fef4a55000 	C:\Program Files\Android\Android Studio\jbr\bin\api-ms-win-crt-math-l1-1-0.dll
0x000007fefb220000 - 0x000007fefb223000 	C:\Program Files\Android\Android Studio\jbr\bin\api-ms-win-crt-locale-l1-1-0.dll
0x000007feff6e0000 - 0x000007feff70e000 	C:\Windows\system32\IMM32.DLL
0x000007fefdee0000 - 0x000007fefdfe9000 	C:\Windows\system32\MSCTF.dll
0x000007fef4a60000 - 0x000007fef4a6c000 	C:\Program Files\Android\Android Studio\jbr\bin\vcruntime140_1.dll
0x000007fef3c40000 - 0x000007fef3ccd000 	C:\Program Files\Android\Android Studio\jbr\bin\msvcp140.dll
0x000007fef3fe0000 - 0x000007fef3fe3000 	C:\Program Files\Android\Android Studio\jbr\bin\api-ms-win-crt-time-l1-1-0.dll
0x000007fef49c0000 - 0x000007fef49c3000 	C:\Program Files\Android\Android Studio\jbr\bin\api-ms-win-crt-utility-l1-1-0.dll
0x000007fef2370000 - 0x000007fef2fde000 	C:\Program Files\Android\Android Studio\jbr\bin\server\jvm.dll
0x000007fefe850000 - 0x000007fefe92b000 	C:\Windows\system32\ADVAPI32.dll
0x000007fefe930000 - 0x000007fefe94f000 	C:\Windows\SYSTEM32\sechost.dll
0x000007feff710000 - 0x000007feff83d000 	C:\Windows\system32\RPCRT4.dll
0x000007fef6fc0000 - 0x000007fef6fc9000 	C:\Windows\system32\WSOCK32.dll
0x000007feff840000 - 0x000007feff88d000 	C:\Windows\system32\WS2_32.dll
0x000007feffa90000 - 0x000007feffa98000 	C:\Windows\system32\NSI.dll
0x000007fef8170000 - 0x000007fef81ab000 	C:\Windows\system32\WINMM.dll
0x000007fefc840000 - 0x000007fefc84c000 	C:\Windows\system32\VERSION.dll
0x000007fef3d10000 - 0x000007fef3d1a000 	C:\Program Files\Android\Android Studio\jbr\bin\jimage.dll
0x000007fef74c0000 - 0x000007fef75e5000 	C:\Windows\system32\DBGHELP.DLL
0x000007fef3a00000 - 0x000007fef3a25000 	C:\Program Files\Android\Android Studio\jbr\bin\java.dll
0x000007fef39e0000 - 0x000007fef39f8000 	C:\Program Files\Android\Android Studio\jbr\bin\zip.dll
0x000007fefe950000 - 0x000007feff6d8000 	C:\Windows\system32\SHELL32.dll
0x000007fefe2e0000 - 0x000007fefe4e3000 	C:\Windows\system32\ole32.dll
0x000007fefd6e0000 - 0x000007fefd6ef000 	C:\Windows\system32\profapi.dll
0x000007fef3650000 - 0x000007fef3669000 	C:\Program Files\Android\Android Studio\jbr\bin\net.dll
0x000007fefa040000 - 0x000007fefa0b1000 	C:\Windows\system32\WINHTTP.dll
0x000007fef9fd0000 - 0x000007fefa034000 	C:\Windows\system32\webio.dll
0x000007fefcf50000 - 0x000007fefcfa5000 	C:\Windows\system32\mswsock.dll
0x000007fefcf40000 - 0x000007fefcf47000 	C:\Windows\System32\wship6.dll
0x000007fef3630000 - 0x000007fef3646000 	C:\Program Files\Android\Android Studio\jbr\bin\nio.dll
0x000007fef3970000 - 0x000007fef3980000 	C:\Program Files\Android\Android Studio\jbr\bin\verify.dll
0x000007fef4150000 - 0x000007fef4177000 	C:\Users\Capital K\.gradle\native\68d5fa5c4cc2d200863cafc0d521ce42e7d3e7ee720ec0a83991735586a16f82\windows-amd64\native-platform.dll
0x000007fef3960000 - 0x000007fef3969000 	C:\Program Files\Android\Android Studio\jbr\bin\management.dll
0x000007fef3950000 - 0x000007fef395b000 	C:\Program Files\Android\Android Studio\jbr\bin\management_ext.dll
0x0000000077950000 - 0x0000000077957000 	C:\Windows\system32\PSAPI.DLL
0x000007fefcfb0000 - 0x000007fefcfc7000 	C:\Windows\system32\CRYPTSP.dll
0x000007fefcc70000 - 0x000007fefccb7000 	C:\Windows\system32\rsaenh.dll
0x000007fefca30000 - 0x000007fefca4e000 	C:\Windows\system32\USERENV.dll
0x000007fefd610000 - 0x000007fefd61f000 	C:\Windows\system32\CRYPTBASE.dll
0x000007fefb0e0000 - 0x000007fefb107000 	C:\Windows\system32\IPHLPAPI.DLL
0x000007fefb0d0000 - 0x000007fefb0db000 	C:\Windows\system32\WINNSI.DLL
0x000007fefac80000 - 0x000007fefac98000 	C:\Windows\system32\dhcpcsvc.DLL
0x000007fefa980000 - 0x000007fefa991000 	C:\Windows\system32\dhcpcsvc6.DLL

dbghelp: loaded successfully - version: 4.0.5 - missing functions: none
symbol engine: initialized successfully - sym options: 0x614 - pdb path: .;C:\Program Files\Android\Android Studio\jbr\bin;C:\Windows\SYSTEM32;C:\Windows\WinSxS\amd64_microsoft.windows.common-controls_6595b64144ccf1df_6.0.7601.17514_none_fa396087175ac9ac;C:\Program Files\Android\Android Studio\jbr\bin\server;C:\Users\Capital K\.gradle\native\68d5fa5c4cc2d200863cafc0d521ce42e7d3e7ee720ec0a83991735586a16f82\windows-amd64

VM Arguments:
jvm_args: --add-opens=java.base/java.util=ALL-UNNAMED --add-opens=java.base/java.lang=ALL-UNNAMED --add-opens=java.base/java.lang.invoke=ALL-UNNAMED --add-opens=java.prefs/java.util.prefs=ALL-UNNAMED --add-opens=java.base/java.nio.charset=ALL-UNNAMED --add-opens=java.base/java.net=ALL-UNNAMED --add-opens=java.base/java.util.concurrent.atomic=ALL-UNNAMED -Xmx2048m -Dfile.encoding=UTF-8 -Duser.country=US -Duser.language=en -Duser.variant 
java_command: org.gradle.launcher.daemon.bootstrap.GradleDaemon 8.0
java_class_path (initial): C:\Users\Capital K\.gradle\wrapper\dists\gradle-8.0-bin\ca5e32bp14vu59qr306oxotwh\gradle-8.0\lib\gradle-launcher-8.0.jar
Launcher Type: SUN_STANDARD

[Global flags]
     intx CICompilerCount                          = 2                                         {product} {ergonomic}
     uint ConcGCThreads                            = 1                                         {product} {ergonomic}
     uint G1ConcRefinementThreads                  = 2                                         {product} {ergonomic}
   size_t G1HeapRegionSize                         = 1048576                                   {product} {ergonomic}
    uintx GCDrainStackTargetSize                   = 64                                        {product} {ergonomic}
   size_t InitialHeapSize                          = 33554432                                  {product} {ergonomic}
   size_t MarkStackSize                            = 4194304                                   {product} {ergonomic}
   size_t MaxHeapSize                              = 2147483648                                {product} {command line}
   size_t MaxNewSize                               = 1287651328                                {product} {ergonomic}
   size_t MinHeapDeltaBytes                        = 1048576                                   {product} {ergonomic}
   size_t MinHeapSize                              = 8388608                                   {product} {ergonomic}
    uintx NonNMethodCodeHeapSize                   = 5826188                                {pd product} {ergonomic}
    uintx NonProfiledCodeHeapSize                  = 122916026                              {pd product} {ergonomic}
    uintx ProfiledCodeHeapSize                     = 122916026                              {pd product} {ergonomic}
    uintx ReservedCodeCacheSize                    = 251658240                              {pd product} {ergonomic}
     bool SegmentedCodeCache                       = true                                      {product} {ergonomic}
   size_t SoftMaxHeapSize                          = 2147483648                             {manageable} {ergonomic}
     bool UseCompressedClassPointers               = true                           {product lp64_product} {ergonomic}
     bool UseCompressedOops                        = true                           {product lp64_product} {ergonomic}
     bool UseG1GC                                  = true                                      {product} {ergonomic}
     bool UseLargePagesIndividualAllocation        = false                                  {pd product} {ergonomic}

Logging:
Log output configuration:
 #0: stdout all=warning uptime,level,tags
 #1: stderr all=off uptime,level,tags

Environment Variables:
PATH=C:\Windows\system32;C:\Windows;C:\Windows\System32\Wbem;C:\Windows\System32\WindowsPowerShell\v1.0\
USERNAME=Capital K
OS=Windows_NT
PROCESSOR_IDENTIFIER=Intel64 Family 6 Model 54 Stepping 1, GenuineIntel
TMP=C:\Users\CAPITA~1\AppData\Local\Temp
TEMP=C:\Users\CAPITA~1\AppData\Local\Temp


JNI global refs:
JNI global refs: 20, weak refs: 0

JNI global refs memory usage: 843, weak refs: 209


---------------  S Y S T E M  ---------------

OS:
 Windows 7 , 64 bit Build 7601 (6.1.7601.17514)
OS uptime: 0 days 2:21 hours

CPU: total 2 (initial active 2) (2 cores per cpu, 1 threads per core) family 6 model 54 stepping 1 microcode 0x0, cx8, cmov, fxsr, mmx, sse, sse2, sse3, ssse3, tsc, tscinvbit, clflush

Memory: 4k page, system-wide physical 2036M (172M free)
TotalPageFile size 4184M (AvailPageFile size 663M)
current process WorkingSet (physical memory assigned to process): 390M, peak: 415M
current process commit charge ("private bytes"): 528M, peak: 1194M

vm_info: OpenJDK 64-Bit Server VM (17.0.6+0-b2043.56-10027231) for windows-amd64 JRE (17.0.6+0-b2043.56-10027231), built on Apr 28 2023 00:43:19 by "androidbuild" with MS VC++ 16.10 / 16.11 (VS2019)

END.
